<?xml version="1.0" encoding="UTF-8"?>
<testsuites tests="9" failures="0" disabled="0" errors="0" time="0.045" timestamp="2024-05-03T16:55:42" name="AllTests">
  <testsuite name="RosMessageConversion" tests="1" failures="0" disabled="0" errors="0" time="0" timestamp="2024-05-03T16:55:42">
    <testcase name="roundTrip" status="run" result="completed" time="0" timestamp="2024-05-03T16:55:42" classname="grid_map_ros.RosMessageConversion" />
  </testsuite>
  <testsuite name="RosbagHandling" tests="2" failures="0" disabled="0" errors="0" time="0.04" timestamp="2024-05-03T16:55:42">
    <testcase name="saveLoad" status="run" result="completed" time="0.03" timestamp="2024-05-03T16:55:42" classname="grid_map_ros.RosbagHandling" />
    <testcase name="saveLoadWithTime" status="run" result="completed" time="0.01" timestamp="2024-05-03T16:55:42" classname="grid_map_ros.RosbagHandling" />
  </testsuite>
  <testsuite name="OccupancyGridConversion" tests="2" failures="0" disabled="0" errors="0" time="0.001" timestamp="2024-05-03T16:55:42">
    <testcase name="withMove" status="run" result="completed" time="0" timestamp="2024-05-03T16:55:42" classname="grid_map_ros.OccupancyGridConversion" />
    <testcase name="roundTrip" status="run" result="completed" time="0.001" timestamp="2024-05-03T16:55:42" classname="grid_map_ros.OccupancyGridConversion" />
  </testsuite>
  <testsuite name="CostmapConversion" tests="2" failures="0" disabled="0" errors="0" time="0" timestamp="2024-05-03T16:55:42">
    <testcase name="withMove" status="run" result="completed" time="0" timestamp="2024-05-03T16:55:42" classname="grid_map_ros.CostmapConversion" />
    <testcase name="roundTrip" status="run" result="completed" time="0" timestamp="2024-05-03T16:55:42" classname="grid_map_ros.CostmapConversion" />
  </testsuite>
  <testsuite name="ImageConversion" tests="2" failures="0" disabled="0" errors="0" time="0.004" timestamp="2024-05-03T16:55:42">
    <testcase name="roundTripBGRA8" status="run" result="completed" time="0.002" timestamp="2024-05-03T16:55:42" classname="grid_map_ros.ImageConversion" />
    <testcase name="roundTripMONO16" status="run" result="completed" time="0.002" timestamp="2024-05-03T16:55:42" classname="grid_map_ros.ImageConversion" />
  </testsuite>
</testsuites>
