Start testing: May 03 16:55 MDT
----------------------------------------------------------
1/5 Testing: cpplint
1/5 Test: cpplint
Command: "/usr/bin/python3" "-u" "/opt/ros/humble/share/ament_cmake_test/cmake/run_test.py" "/home/submarine/gridmap_ws/build/grid_map_rviz_plugin/test_results/grid_map_rviz_plugin/cpplint.xunit.xml" "--package-name" "grid_map_rviz_plugin" "--output-file" "/home/submarine/gridmap_ws/build/grid_map_rviz_plugin/ament_cpplint/cpplint.txt" "--command" "/opt/ros/humble/bin/ament_cpplint" "--xunit-file" "/home/submarine/gridmap_ws/build/grid_map_rviz_plugin/test_results/grid_map_rviz_plugin/cpplint.xunit.xml" "--filters=-legal/copyright,-build/include_order"
Directory: /home/submarine/gridmap_ws/src/grid_map/grid_map_rviz_plugin
"cpplint" start time: May 03 16:55 MDT
Output:
----------------------------------------------------------
-- run_test.py: invoking following command in '/home/submarine/gridmap_ws/src/grid_map/grid_map_rviz_plugin':
 - /opt/ros/humble/bin/ament_cpplint --xunit-file /home/submarine/gridmap_ws/build/grid_map_rviz_plugin/test_results/grid_map_rviz_plugin/cpplint.xunit.xml --filters=-legal/copyright,-build/include_order
Using '--root=/home/submarine/gridmap_ws/src/grid_map/grid_map_rviz_plugin/include' argument

Done processing /home/submarine/gridmap_ws/src/grid_map/grid_map_rviz_plugin/include/grid_map_rviz_plugin/GridMapDisplay.hpp

Done processing /home/submarine/gridmap_ws/src/grid_map/grid_map_rviz_plugin/include/grid_map_rviz_plugin/GridMapVisual.hpp

Using '--root=/home/submarine/gridmap_ws/src/grid_map/grid_map_rviz_plugin/src' argument

Done processing /home/submarine/gridmap_ws/src/grid_map/grid_map_rviz_plugin/src/GridMapDisplay.cpp

Done processing /home/submarine/gridmap_ws/src/grid_map/grid_map_rviz_plugin/src/GridMapVisual.cpp

No problems found
-- run_test.py: return code 0
-- run_test.py: verify result file '/home/submarine/gridmap_ws/build/grid_map_rviz_plugin/test_results/grid_map_rviz_plugin/cpplint.xunit.xml'
<end of output>
Test time =   0.68 sec
----------------------------------------------------------
Test Passed.
"cpplint" end time: May 03 16:55 MDT
"cpplint" time elapsed: 00:00:00
----------------------------------------------------------

2/5 Testing: cppcheck
2/5 Test: cppcheck
Command: "/usr/bin/python3" "-u" "/opt/ros/humble/share/ament_cmake_test/cmake/run_test.py" "/home/submarine/gridmap_ws/build/grid_map_rviz_plugin/test_results/grid_map_rviz_plugin/cppcheck.xunit.xml" "--package-name" "grid_map_rviz_plugin" "--output-file" "/home/submarine/gridmap_ws/build/grid_map_rviz_plugin/ament_cppcheck/cppcheck.txt" "--command" "/opt/ros/humble/bin/ament_cppcheck" "--xunit-file" "/home/submarine/gridmap_ws/build/grid_map_rviz_plugin/test_results/grid_map_rviz_plugin/cppcheck.xunit.xml" "--include_dirs" "/home/submarine/gridmap_ws/src/grid_map/grid_map_rviz_plugin/include"
Directory: /home/submarine/gridmap_ws/src/grid_map/grid_map_rviz_plugin
"cppcheck" start time: May 03 16:55 MDT
Output:
----------------------------------------------------------
-- run_test.py: invoking following command in '/home/submarine/gridmap_ws/src/grid_map/grid_map_rviz_plugin':
 - /opt/ros/humble/bin/ament_cppcheck --xunit-file /home/submarine/gridmap_ws/build/grid_map_rviz_plugin/test_results/grid_map_rviz_plugin/cppcheck.xunit.xml --include_dirs /home/submarine/gridmap_ws/src/grid_map/grid_map_rviz_plugin/include
cppcheck 2.7 has known performance issues and therefore will not be used, set the AMENT_CPPCHECK_ALLOW_SLOW_VERSIONS environment variable to override this.
-- run_test.py: return code 0
-- run_test.py: verify result file '/home/submarine/gridmap_ws/build/grid_map_rviz_plugin/test_results/grid_map_rviz_plugin/cppcheck.xunit.xml'
<end of output>
Test time =   0.26 sec
----------------------------------------------------------
Test Passed.
"cppcheck" end time: May 03 16:55 MDT
"cppcheck" time elapsed: 00:00:00
----------------------------------------------------------

3/5 Testing: lint_cmake
3/5 Test: lint_cmake
Command: "/usr/bin/python3" "-u" "/opt/ros/humble/share/ament_cmake_test/cmake/run_test.py" "/home/submarine/gridmap_ws/build/grid_map_rviz_plugin/test_results/grid_map_rviz_plugin/lint_cmake.xunit.xml" "--package-name" "grid_map_rviz_plugin" "--output-file" "/home/submarine/gridmap_ws/build/grid_map_rviz_plugin/ament_lint_cmake/lint_cmake.txt" "--command" "/opt/ros/humble/bin/ament_lint_cmake" "--xunit-file" "/home/submarine/gridmap_ws/build/grid_map_rviz_plugin/test_results/grid_map_rviz_plugin/lint_cmake.xunit.xml"
Directory: /home/submarine/gridmap_ws/src/grid_map/grid_map_rviz_plugin
"lint_cmake" start time: May 03 16:55 MDT
Output:
----------------------------------------------------------
-- run_test.py: invoking following command in '/home/submarine/gridmap_ws/src/grid_map/grid_map_rviz_plugin':
 - /opt/ros/humble/bin/ament_lint_cmake --xunit-file /home/submarine/gridmap_ws/build/grid_map_rviz_plugin/test_results/grid_map_rviz_plugin/lint_cmake.xunit.xml

No problems found
-- run_test.py: return code 0
-- run_test.py: verify result file '/home/submarine/gridmap_ws/build/grid_map_rviz_plugin/test_results/grid_map_rviz_plugin/lint_cmake.xunit.xml'
<end of output>
Test time =   0.31 sec
----------------------------------------------------------
Test Passed.
"lint_cmake" end time: May 03 16:55 MDT
"lint_cmake" time elapsed: 00:00:00
----------------------------------------------------------

4/5 Testing: uncrustify
4/5 Test: uncrustify
Command: "/usr/bin/python3" "-u" "/opt/ros/humble/share/ament_cmake_test/cmake/run_test.py" "/home/submarine/gridmap_ws/build/grid_map_rviz_plugin/test_results/grid_map_rviz_plugin/uncrustify.xunit.xml" "--package-name" "grid_map_rviz_plugin" "--output-file" "/home/submarine/gridmap_ws/build/grid_map_rviz_plugin/ament_uncrustify/uncrustify.txt" "--command" "/opt/ros/humble/bin/ament_uncrustify" "--xunit-file" "/home/submarine/gridmap_ws/build/grid_map_rviz_plugin/test_results/grid_map_rviz_plugin/uncrustify.xunit.xml"
Directory: /home/submarine/gridmap_ws/src/grid_map/grid_map_rviz_plugin
"uncrustify" start time: May 03 16:55 MDT
Output:
----------------------------------------------------------
-- run_test.py: invoking following command in '/home/submarine/gridmap_ws/src/grid_map/grid_map_rviz_plugin':
 - /opt/ros/humble/bin/ament_uncrustify --xunit-file /home/submarine/gridmap_ws/build/grid_map_rviz_plugin/test_results/grid_map_rviz_plugin/uncrustify.xunit.xml
No code style divergence in file 'include/grid_map_rviz_plugin/GridMapDisplay.hpp'

No code style divergence in file 'include/grid_map_rviz_plugin/GridMapVisual.hpp'

No code style divergence in file 'src/GridMapDisplay.cpp'

No code style divergence in file 'src/GridMapVisual.cpp'

No problems found
-- run_test.py: return code 0
-- run_test.py: verify result file '/home/submarine/gridmap_ws/build/grid_map_rviz_plugin/test_results/grid_map_rviz_plugin/uncrustify.xunit.xml'
<end of output>
Test time =   0.29 sec
----------------------------------------------------------
Test Passed.
"uncrustify" end time: May 03 16:55 MDT
"uncrustify" time elapsed: 00:00:00
----------------------------------------------------------

5/5 Testing: xmllint
5/5 Test: xmllint
Command: "/usr/bin/python3" "-u" "/opt/ros/humble/share/ament_cmake_test/cmake/run_test.py" "/home/submarine/gridmap_ws/build/grid_map_rviz_plugin/test_results/grid_map_rviz_plugin/xmllint.xunit.xml" "--package-name" "grid_map_rviz_plugin" "--output-file" "/home/submarine/gridmap_ws/build/grid_map_rviz_plugin/ament_xmllint/xmllint.txt" "--command" "/opt/ros/humble/bin/ament_xmllint" "--xunit-file" "/home/submarine/gridmap_ws/build/grid_map_rviz_plugin/test_results/grid_map_rviz_plugin/xmllint.xunit.xml"
Directory: /home/submarine/gridmap_ws/src/grid_map/grid_map_rviz_plugin
"xmllint" start time: May 03 16:55 MDT
Output:
----------------------------------------------------------
-- run_test.py: invoking following command in '/home/submarine/gridmap_ws/src/grid_map/grid_map_rviz_plugin':
 - /opt/ros/humble/bin/ament_xmllint --xunit-file /home/submarine/gridmap_ws/build/grid_map_rviz_plugin/test_results/grid_map_rviz_plugin/xmllint.xunit.xml
File 'package.xml' is valid

File 'plugin_description.xml' is valid

No problems found
-- run_test.py: return code 0
-- run_test.py: verify result file '/home/submarine/gridmap_ws/build/grid_map_rviz_plugin/test_results/grid_map_rviz_plugin/xmllint.xunit.xml'
<end of output>
Test time =   0.38 sec
----------------------------------------------------------
Test Passed.
"xmllint" end time: May 03 16:55 MDT
"xmllint" time elapsed: 00:00:00
----------------------------------------------------------

End testing: May 03 16:55 MDT

cppcheck =   0.26 sec*proc

cpplint =   0.68 sec*proc

lint_cmake =   0.31 sec*proc

linter =   1.91 sec*proc

uncrustify =   0.29 sec*proc

xmllint =   0.38 sec*proc

