Start testing: May 03 16:55 MDT
----------------------------------------------------------
1/7 Testing: cpplint
1/7 Test: cpplint
Command: "/usr/bin/python3" "-u" "/opt/ros/humble/share/ament_cmake_test/cmake/run_test.py" "/home/submarine/gridmap_ws/build/grid_map_demos/test_results/grid_map_demos/cpplint.xunit.xml" "--package-name" "grid_map_demos" "--output-file" "/home/submarine/gridmap_ws/build/grid_map_demos/ament_cpplint/cpplint.txt" "--command" "/opt/ros/humble/bin/ament_cpplint" "--xunit-file" "/home/submarine/gridmap_ws/build/grid_map_demos/test_results/grid_map_demos/cpplint.xunit.xml" "--filters=-legal/copyright,-build/include_order"
Directory: /home/submarine/gridmap_ws/src/grid_map/grid_map_demos
"cpplint" start time: May 03 16:55 MDT
Output:
----------------------------------------------------------
-- run_test.py: invoking following command in '/home/submarine/gridmap_ws/src/grid_map/grid_map_demos':
 - /opt/ros/humble/bin/ament_cpplint --xunit-file /home/submarine/gridmap_ws/build/grid_map_demos/test_results/grid_map_demos/cpplint.xunit.xml --filters=-legal/copyright,-build/include_order
Using '--root=/home/submarine/gridmap_ws/src/grid_map/grid_map_demos/include' argument

Done processing /home/submarine/gridmap_ws/src/grid_map/grid_map_demos/include/grid_map_demos/FiltersDemo.hpp

Done processing /home/submarine/gridmap_ws/src/grid_map/grid_map_demos/include/grid_map_demos/ImageToGridmapDemo.hpp

Done processing /home/submarine/gridmap_ws/src/grid_map/grid_map_demos/include/grid_map_demos/InterpolationDemo.hpp

Done processing /home/submarine/gridmap_ws/src/grid_map/grid_map_demos/include/grid_map_demos/IteratorsDemo.hpp

Done processing /home/submarine/gridmap_ws/src/grid_map/grid_map_demos/include/grid_map_demos/OctomapToGridmapDemo.hpp

Using '--root=/home/submarine/gridmap_ws/src/grid_map/grid_map_demos/src' argument

Done processing /home/submarine/gridmap_ws/src/grid_map/grid_map_demos/src/FiltersDemo.cpp

Done processing /home/submarine/gridmap_ws/src/grid_map/grid_map_demos/src/ImageToGridmapDemo.cpp

Done processing /home/submarine/gridmap_ws/src/grid_map/grid_map_demos/src/InterpolationDemo.cpp

Done processing /home/submarine/gridmap_ws/src/grid_map/grid_map_demos/src/IteratorsDemo.cpp

Done processing /home/submarine/gridmap_ws/src/grid_map/grid_map_demos/src/OctomapToGridmapDemo.cpp

Done processing /home/submarine/gridmap_ws/src/grid_map/grid_map_demos/src/filters_demo_node.cpp

Done processing /home/submarine/gridmap_ws/src/grid_map/grid_map_demos/src/image_to_gridmap_demo_node.cpp

Done processing /home/submarine/gridmap_ws/src/grid_map/grid_map_demos/src/interpolation_demo_node.cpp

Done processing /home/submarine/gridmap_ws/src/grid_map/grid_map_demos/src/iterator_benchmark.cpp

Done processing /home/submarine/gridmap_ws/src/grid_map/grid_map_demos/src/iterators_demo_node.cpp

Done processing /home/submarine/gridmap_ws/src/grid_map/grid_map_demos/src/move_demo_node.cpp

Done processing /home/submarine/gridmap_ws/src/grid_map/grid_map_demos/src/normal_filter_comparison_node.cpp

Done processing /home/submarine/gridmap_ws/src/grid_map/grid_map_demos/src/octomap_to_gridmap_demo_node.cpp

Done processing /home/submarine/gridmap_ws/src/grid_map/grid_map_demos/src/opencv_demo_node.cpp

Done processing /home/submarine/gridmap_ws/src/grid_map/grid_map_demos/src/resolution_change_demo_node.cpp

Done processing /home/submarine/gridmap_ws/src/grid_map/grid_map_demos/src/simple_demo_node.cpp

Done processing /home/submarine/gridmap_ws/src/grid_map/grid_map_demos/src/tutorial_demo_node.cpp

No problems found
-- run_test.py: return code 0
-- run_test.py: verify result file '/home/submarine/gridmap_ws/build/grid_map_demos/test_results/grid_map_demos/cpplint.xunit.xml'
<end of output>
Test time =   0.86 sec
----------------------------------------------------------
Test Passed.
"cpplint" end time: May 03 16:55 MDT
"cpplint" time elapsed: 00:00:00
----------------------------------------------------------

2/7 Testing: cppcheck
2/7 Test: cppcheck
Command: "/usr/bin/python3" "-u" "/opt/ros/humble/share/ament_cmake_test/cmake/run_test.py" "/home/submarine/gridmap_ws/build/grid_map_demos/test_results/grid_map_demos/cppcheck.xunit.xml" "--package-name" "grid_map_demos" "--output-file" "/home/submarine/gridmap_ws/build/grid_map_demos/ament_cppcheck/cppcheck.txt" "--command" "/opt/ros/humble/bin/ament_cppcheck" "--xunit-file" "/home/submarine/gridmap_ws/build/grid_map_demos/test_results/grid_map_demos/cppcheck.xunit.xml" "--include_dirs" "/home/submarine/gridmap_ws/src/grid_map/grid_map_demos/include"
Directory: /home/submarine/gridmap_ws/src/grid_map/grid_map_demos
"cppcheck" start time: May 03 16:55 MDT
Output:
----------------------------------------------------------
-- run_test.py: invoking following command in '/home/submarine/gridmap_ws/src/grid_map/grid_map_demos':
 - /opt/ros/humble/bin/ament_cppcheck --xunit-file /home/submarine/gridmap_ws/build/grid_map_demos/test_results/grid_map_demos/cppcheck.xunit.xml --include_dirs /home/submarine/gridmap_ws/src/grid_map/grid_map_demos/include
cppcheck 2.7 has known performance issues and therefore will not be used, set the AMENT_CPPCHECK_ALLOW_SLOW_VERSIONS environment variable to override this.
-- run_test.py: return code 0
-- run_test.py: verify result file '/home/submarine/gridmap_ws/build/grid_map_demos/test_results/grid_map_demos/cppcheck.xunit.xml'
<end of output>
Test time =   0.24 sec
----------------------------------------------------------
Test Passed.
"cppcheck" end time: May 03 16:55 MDT
"cppcheck" time elapsed: 00:00:00
----------------------------------------------------------

3/7 Testing: flake8
3/7 Test: flake8
Command: "/usr/bin/python3" "-u" "/opt/ros/humble/share/ament_cmake_test/cmake/run_test.py" "/home/submarine/gridmap_ws/build/grid_map_demos/test_results/grid_map_demos/flake8.xunit.xml" "--package-name" "grid_map_demos" "--output-file" "/home/submarine/gridmap_ws/build/grid_map_demos/ament_flake8/flake8.txt" "--command" "/opt/ros/humble/bin/ament_flake8" "--xunit-file" "/home/submarine/gridmap_ws/build/grid_map_demos/test_results/grid_map_demos/flake8.xunit.xml"
Directory: /home/submarine/gridmap_ws/src/grid_map/grid_map_demos
"flake8" start time: May 03 16:55 MDT
Output:
----------------------------------------------------------
-- run_test.py: invoking following command in '/home/submarine/gridmap_ws/src/grid_map/grid_map_demos':
 - /opt/ros/humble/bin/ament_flake8 --xunit-file /home/submarine/gridmap_ws/build/grid_map_demos/test_results/grid_map_demos/flake8.xunit.xml

13 files checked
No problems found

Checked files:

* ./launch/filters_demo_launch.py
* ./launch/tutorial_demo_launch.py
* ./launch/resolution_change_demo_launch.py
* ./launch/image_to_gridmap_demo_launch.py
* ./launch/grid_map_loader_demo_launch.py
* ./launch/iterators_demo_launch.py
* ./launch/opencv_demo_launch.py
* ./launch/move_demo_launch.py
* ./launch/normal_filter_comparison_launch.py
* ./launch/octomap_to_gridmap_demo_launch.py
* ./launch/interpolation_demo_launch.py
* ./launch/simple_demo_launch.py
* ./scripts/image_publisher.py
-- run_test.py: return code 0
-- run_test.py: verify result file '/home/submarine/gridmap_ws/build/grid_map_demos/test_results/grid_map_demos/flake8.xunit.xml'
<end of output>
Test time =   1.09 sec
----------------------------------------------------------
Test Passed.
"flake8" end time: May 03 16:55 MDT
"flake8" time elapsed: 00:00:01
----------------------------------------------------------

4/7 Testing: lint_cmake
4/7 Test: lint_cmake
Command: "/usr/bin/python3" "-u" "/opt/ros/humble/share/ament_cmake_test/cmake/run_test.py" "/home/submarine/gridmap_ws/build/grid_map_demos/test_results/grid_map_demos/lint_cmake.xunit.xml" "--package-name" "grid_map_demos" "--output-file" "/home/submarine/gridmap_ws/build/grid_map_demos/ament_lint_cmake/lint_cmake.txt" "--command" "/opt/ros/humble/bin/ament_lint_cmake" "--xunit-file" "/home/submarine/gridmap_ws/build/grid_map_demos/test_results/grid_map_demos/lint_cmake.xunit.xml"
Directory: /home/submarine/gridmap_ws/src/grid_map/grid_map_demos
"lint_cmake" start time: May 03 16:55 MDT
Output:
----------------------------------------------------------
-- run_test.py: invoking following command in '/home/submarine/gridmap_ws/src/grid_map/grid_map_demos':
 - /opt/ros/humble/bin/ament_lint_cmake --xunit-file /home/submarine/gridmap_ws/build/grid_map_demos/test_results/grid_map_demos/lint_cmake.xunit.xml

No problems found
-- run_test.py: return code 0
-- run_test.py: verify result file '/home/submarine/gridmap_ws/build/grid_map_demos/test_results/grid_map_demos/lint_cmake.xunit.xml'
<end of output>
Test time =   0.22 sec
----------------------------------------------------------
Test Passed.
"lint_cmake" end time: May 03 16:55 MDT
"lint_cmake" time elapsed: 00:00:00
----------------------------------------------------------

5/7 Testing: pep257
5/7 Test: pep257
Command: "/usr/bin/python3" "-u" "/opt/ros/humble/share/ament_cmake_test/cmake/run_test.py" "/home/submarine/gridmap_ws/build/grid_map_demos/test_results/grid_map_demos/pep257.xunit.xml" "--package-name" "grid_map_demos" "--output-file" "/home/submarine/gridmap_ws/build/grid_map_demos/ament_pep257/pep257.txt" "--command" "/opt/ros/humble/bin/ament_pep257" "--xunit-file" "/home/submarine/gridmap_ws/build/grid_map_demos/test_results/grid_map_demos/pep257.xunit.xml"
Directory: /home/submarine/gridmap_ws/src/grid_map/grid_map_demos
"pep257" start time: May 03 16:55 MDT
Output:
----------------------------------------------------------
-- run_test.py: invoking following command in '/home/submarine/gridmap_ws/src/grid_map/grid_map_demos':
 - /opt/ros/humble/bin/ament_pep257 --xunit-file /home/submarine/gridmap_ws/build/grid_map_demos/test_results/grid_map_demos/pep257.xunit.xml
checking ./launch/filters_demo_launch.py
checking ./launch/grid_map_loader_demo_launch.py
checking ./launch/image_to_gridmap_demo_launch.py
checking ./launch/interpolation_demo_launch.py
checking ./launch/iterators_demo_launch.py
checking ./launch/move_demo_launch.py
checking ./launch/normal_filter_comparison_launch.py
checking ./launch/octomap_to_gridmap_demo_launch.py
checking ./launch/opencv_demo_launch.py
checking ./launch/resolution_change_demo_launch.py
checking ./launch/simple_demo_launch.py
checking ./launch/tutorial_demo_launch.py
checking ./scripts/image_publisher.py
No problems found
-- run_test.py: return code 0
-- run_test.py: verify result file '/home/submarine/gridmap_ws/build/grid_map_demos/test_results/grid_map_demos/pep257.xunit.xml'
<end of output>
Test time =   0.35 sec
----------------------------------------------------------
Test Passed.
"pep257" end time: May 03 16:55 MDT
"pep257" time elapsed: 00:00:00
----------------------------------------------------------

6/7 Testing: uncrustify
6/7 Test: uncrustify
Command: "/usr/bin/python3" "-u" "/opt/ros/humble/share/ament_cmake_test/cmake/run_test.py" "/home/submarine/gridmap_ws/build/grid_map_demos/test_results/grid_map_demos/uncrustify.xunit.xml" "--package-name" "grid_map_demos" "--output-file" "/home/submarine/gridmap_ws/build/grid_map_demos/ament_uncrustify/uncrustify.txt" "--command" "/opt/ros/humble/bin/ament_uncrustify" "--xunit-file" "/home/submarine/gridmap_ws/build/grid_map_demos/test_results/grid_map_demos/uncrustify.xunit.xml"
Directory: /home/submarine/gridmap_ws/src/grid_map/grid_map_demos
"uncrustify" start time: May 03 16:55 MDT
Output:
----------------------------------------------------------
-- run_test.py: invoking following command in '/home/submarine/gridmap_ws/src/grid_map/grid_map_demos':
 - /opt/ros/humble/bin/ament_uncrustify --xunit-file /home/submarine/gridmap_ws/build/grid_map_demos/test_results/grid_map_demos/uncrustify.xunit.xml
No code style divergence in file 'include/grid_map_demos/FiltersDemo.hpp'

No code style divergence in file 'include/grid_map_demos/ImageToGridmapDemo.hpp'

No code style divergence in file 'include/grid_map_demos/InterpolationDemo.hpp'

No code style divergence in file 'include/grid_map_demos/IteratorsDemo.hpp'

No code style divergence in file 'include/grid_map_demos/OctomapToGridmapDemo.hpp'

No code style divergence in file 'src/FiltersDemo.cpp'

No code style divergence in file 'src/ImageToGridmapDemo.cpp'

No code style divergence in file 'src/InterpolationDemo.cpp'

No code style divergence in file 'src/IteratorsDemo.cpp'

No code style divergence in file 'src/OctomapToGridmapDemo.cpp'

No code style divergence in file 'src/filters_demo_node.cpp'

No code style divergence in file 'src/image_to_gridmap_demo_node.cpp'

No code style divergence in file 'src/interpolation_demo_node.cpp'

No code style divergence in file 'src/iterator_benchmark.cpp'

No code style divergence in file 'src/iterators_demo_node.cpp'

No code style divergence in file 'src/move_demo_node.cpp'

No code style divergence in file 'src/normal_filter_comparison_node.cpp'

No code style divergence in file 'src/octomap_to_gridmap_demo_node.cpp'

No code style divergence in file 'src/opencv_demo_node.cpp'

No code style divergence in file 'src/resolution_change_demo_node.cpp'

No code style divergence in file 'src/simple_demo_node.cpp'

No code style divergence in file 'src/tutorial_demo_node.cpp'

No problems found
-- run_test.py: return code 0
-- run_test.py: verify result file '/home/submarine/gridmap_ws/build/grid_map_demos/test_results/grid_map_demos/uncrustify.xunit.xml'
<end of output>
Test time =   0.34 sec
----------------------------------------------------------
Test Passed.
"uncrustify" end time: May 03 16:55 MDT
"uncrustify" time elapsed: 00:00:00
----------------------------------------------------------

7/7 Testing: xmllint
7/7 Test: xmllint
Command: "/usr/bin/python3" "-u" "/opt/ros/humble/share/ament_cmake_test/cmake/run_test.py" "/home/submarine/gridmap_ws/build/grid_map_demos/test_results/grid_map_demos/xmllint.xunit.xml" "--package-name" "grid_map_demos" "--output-file" "/home/submarine/gridmap_ws/build/grid_map_demos/ament_xmllint/xmllint.txt" "--command" "/opt/ros/humble/bin/ament_xmllint" "--xunit-file" "/home/submarine/gridmap_ws/build/grid_map_demos/test_results/grid_map_demos/xmllint.xunit.xml"
Directory: /home/submarine/gridmap_ws/src/grid_map/grid_map_demos
"xmllint" start time: May 03 16:55 MDT
Output:
----------------------------------------------------------
-- run_test.py: invoking following command in '/home/submarine/gridmap_ws/src/grid_map/grid_map_demos':
 - /opt/ros/humble/bin/ament_xmllint --xunit-file /home/submarine/gridmap_ws/build/grid_map_demos/test_results/grid_map_demos/xmllint.xunit.xml
File 'package.xml' is valid

No problems found
-- run_test.py: return code 0
-- run_test.py: verify result file '/home/submarine/gridmap_ws/build/grid_map_demos/test_results/grid_map_demos/xmllint.xunit.xml'
<end of output>
Test time =   0.30 sec
----------------------------------------------------------
Test Passed.
"xmllint" end time: May 03 16:55 MDT
"xmllint" time elapsed: 00:00:00
----------------------------------------------------------

End testing: May 03 16:55 MDT

cppcheck =   0.24 sec*proc

cpplint =   0.86 sec*proc

flake8 =   1.09 sec*proc

lint_cmake =   0.22 sec*proc

linter =   3.39 sec*proc

pep257 =   0.35 sec*proc

uncrustify =   0.34 sec*proc

xmllint =   0.30 sec*proc

