<?xml version="1.0" encoding="UTF-8"?>
<testsuites tests="2" failures="0" disabled="0" errors="0" time="3.464" timestamp="2024-05-03T16:55:41" name="AllTests">
  <testsuite name="Costmap2DROSConversion" tests="2" failures="0" disabled="0" errors="0" time="3.464" timestamp="2024-05-03T16:55:41">
    <testcase name="full_window" status="run" result="completed" time="0.941" timestamp="2024-05-03T16:55:41" classname="grid_map_costmap_2d.Costmap2DROSConversion" />
    <testcase name="cost_map_centres" status="run" result="completed" time="2.523" timestamp="2024-05-03T16:55:42" classname="grid_map_costmap_2d.Costmap2DROSConversion" />
  </testsuite>
</testsuites>
