<?xml version="1.0" encoding="UTF-8"?>
<testsuites tests="16" failures="0" disabled="0" errors="0" time="0.001" timestamp="2024-05-03T16:55:41" name="AllTests">
  <testsuite name="TestCostmap2DConversion/0" tests="4" failures="0" disabled="0" errors="0" time="0.001" timestamp="2024-05-03T16:55:41">
    <testcase name="initializeFromCostmap2d" type_param="grid_map::Costmap2DTranslationTable&lt;3l, 2l, 1l, 0l&gt;" status="run" result="completed" time="0.001" timestamp="2024-05-03T16:55:41" classname="grid_map_costmap_2d.TestCostmap2DConversion/0" />
    <testcase name="initializeFromGridMap" type_param="grid_map::Costmap2DTranslationTable&lt;3l, 2l, 1l, 0l&gt;" status="run" result="completed" time="0" timestamp="2024-05-03T16:55:41" classname="grid_map_costmap_2d.TestCostmap2DConversion/0" />
    <testcase name="addLayerFromCostmap2d" type_param="grid_map::Costmap2DTranslationTable&lt;3l, 2l, 1l, 0l&gt;" status="run" result="completed" time="0" timestamp="2024-05-03T16:55:41" classname="grid_map_costmap_2d.TestCostmap2DConversion/0" />
    <testcase name="setCostmap2DFromGridMap" type_param="grid_map::Costmap2DTranslationTable&lt;3l, 2l, 1l, 0l&gt;" status="run" result="completed" time="0" timestamp="2024-05-03T16:55:41" classname="grid_map_costmap_2d.TestCostmap2DConversion/0" />
  </testsuite>
  <testsuite name="TestCostmap2DConversion/1" tests="4" failures="0" disabled="0" errors="0" time="0" timestamp="2024-05-03T16:55:41">
    <testcase name="initializeFromCostmap2d" type_param="grid_map::Costmap2DTranslationTable&lt;5l, 500l, 400l, 100l&gt;" status="run" result="completed" time="0" timestamp="2024-05-03T16:55:41" classname="grid_map_costmap_2d.TestCostmap2DConversion/1" />
    <testcase name="initializeFromGridMap" type_param="grid_map::Costmap2DTranslationTable&lt;5l, 500l, 400l, 100l&gt;" status="run" result="completed" time="0" timestamp="2024-05-03T16:55:41" classname="grid_map_costmap_2d.TestCostmap2DConversion/1" />
    <testcase name="addLayerFromCostmap2d" type_param="grid_map::Costmap2DTranslationTable&lt;5l, 500l, 400l, 100l&gt;" status="run" result="completed" time="0" timestamp="2024-05-03T16:55:41" classname="grid_map_costmap_2d.TestCostmap2DConversion/1" />
    <testcase name="setCostmap2DFromGridMap" type_param="grid_map::Costmap2DTranslationTable&lt;5l, 500l, 400l, 100l&gt;" status="run" result="completed" time="0" timestamp="2024-05-03T16:55:41" classname="grid_map_costmap_2d.TestCostmap2DConversion/1" />
  </testsuite>
  <testsuite name="TestCostmap2DConversion/2" tests="4" failures="0" disabled="0" errors="0" time="0" timestamp="2024-05-03T16:55:41">
    <testcase name="initializeFromCostmap2d" type_param="grid_map::Costmap2DTranslationTable&lt;255l, 254l, 253l, 0l&gt;" status="run" result="completed" time="0" timestamp="2024-05-03T16:55:41" classname="grid_map_costmap_2d.TestCostmap2DConversion/2" />
    <testcase name="initializeFromGridMap" type_param="grid_map::Costmap2DTranslationTable&lt;255l, 254l, 253l, 0l&gt;" status="run" result="completed" time="0" timestamp="2024-05-03T16:55:41" classname="grid_map_costmap_2d.TestCostmap2DConversion/2" />
    <testcase name="addLayerFromCostmap2d" type_param="grid_map::Costmap2DTranslationTable&lt;255l, 254l, 253l, 0l&gt;" status="run" result="completed" time="0" timestamp="2024-05-03T16:55:41" classname="grid_map_costmap_2d.TestCostmap2DConversion/2" />
    <testcase name="setCostmap2DFromGridMap" type_param="grid_map::Costmap2DTranslationTable&lt;255l, 254l, 253l, 0l&gt;" status="run" result="completed" time="0" timestamp="2024-05-03T16:55:41" classname="grid_map_costmap_2d.TestCostmap2DConversion/2" />
  </testsuite>
  <testsuite name="TestCostmap2DConversion/3" tests="4" failures="0" disabled="0" errors="0" time="0" timestamp="2024-05-03T16:55:41">
    <testcase name="initializeFromCostmap2d" type_param="grid_map::Costmap2DTranslationTable&lt;-1l, 100l, 99l, 0l&gt;" status="run" result="completed" time="0" timestamp="2024-05-03T16:55:41" classname="grid_map_costmap_2d.TestCostmap2DConversion/3" />
    <testcase name="initializeFromGridMap" type_param="grid_map::Costmap2DTranslationTable&lt;-1l, 100l, 99l, 0l&gt;" status="run" result="completed" time="0" timestamp="2024-05-03T16:55:41" classname="grid_map_costmap_2d.TestCostmap2DConversion/3" />
    <testcase name="addLayerFromCostmap2d" type_param="grid_map::Costmap2DTranslationTable&lt;-1l, 100l, 99l, 0l&gt;" status="run" result="completed" time="0" timestamp="2024-05-03T16:55:41" classname="grid_map_costmap_2d.TestCostmap2DConversion/3" />
    <testcase name="setCostmap2DFromGridMap" type_param="grid_map::Costmap2DTranslationTable&lt;-1l, 100l, 99l, 0l&gt;" status="run" result="completed" time="0" timestamp="2024-05-03T16:55:41" classname="grid_map_costmap_2d.TestCostmap2DConversion/3" />
  </testsuite>
</testsuites>
