Start testing: May 03 16:55 MDT
----------------------------------------------------------
1/6 Testing: cpplint
1/6 Test: cpplint
Command: "/usr/bin/python3" "-u" "/opt/ros/humble/share/ament_cmake_test/cmake/run_test.py" "/home/submarine/gridmap_ws/build/grid_map_sdf/test_results/grid_map_sdf/cpplint.xunit.xml" "--package-name" "grid_map_sdf" "--output-file" "/home/submarine/gridmap_ws/build/grid_map_sdf/ament_cpplint/cpplint.txt" "--command" "/opt/ros/humble/bin/ament_cpplint" "--xunit-file" "/home/submarine/gridmap_ws/build/grid_map_sdf/test_results/grid_map_sdf/cpplint.xunit.xml" "--filters=-legal/copyright,-build/include_order"
Directory: /home/submarine/gridmap_ws/src/grid_map/grid_map_sdf
"cpplint" start time: May 03 16:55 MDT
Output:
----------------------------------------------------------
-- run_test.py: invoking following command in '/home/submarine/gridmap_ws/src/grid_map/grid_map_sdf':
 - /opt/ros/humble/bin/ament_cpplint --xunit-file /home/submarine/gridmap_ws/build/grid_map_sdf/test_results/grid_map_sdf/cpplint.xunit.xml --filters=-legal/copyright,-build/include_order
Using '--root=/home/submarine/gridmap_ws/src/grid_map/grid_map_sdf/include' argument

Done processing /home/submarine/gridmap_ws/src/grid_map/grid_map_sdf/include/grid_map_sdf/SignedDistanceField.hpp

Done processing /home/submarine/gridmap_ws/src/grid_map/grid_map_sdf/include/grid_map_sdf/distance_transform/dt.hpp

Done processing /home/submarine/gridmap_ws/src/grid_map/grid_map_sdf/include/grid_map_sdf/distance_transform/image.hpp

Done processing /home/submarine/gridmap_ws/src/grid_map/grid_map_sdf/include/grid_map_sdf/distance_transform/imconv.hpp

Done processing /home/submarine/gridmap_ws/src/grid_map/grid_map_sdf/include/grid_map_sdf/distance_transform/imutil.hpp

Done processing /home/submarine/gridmap_ws/src/grid_map/grid_map_sdf/include/grid_map_sdf/distance_transform/misc.hpp

Done processing /home/submarine/gridmap_ws/src/grid_map/grid_map_sdf/include/grid_map_sdf/distance_transform/pnmfile.hpp

Using '--root=/home/submarine/gridmap_ws/src/grid_map/grid_map_sdf/src' argument

Done processing /home/submarine/gridmap_ws/src/grid_map/grid_map_sdf/src/SignedDistanceField.cpp

Using '--root=/home/submarine/gridmap_ws/src/grid_map/grid_map_sdf/test' argument

Done processing /home/submarine/gridmap_ws/src/grid_map/grid_map_sdf/test/SignedDistanceFieldTest.cpp

Done processing /home/submarine/gridmap_ws/src/grid_map/grid_map_sdf/test/test_grid_map_sdf.cpp

No problems found
-- run_test.py: return code 0
-- run_test.py: verify result file '/home/submarine/gridmap_ws/build/grid_map_sdf/test_results/grid_map_sdf/cpplint.xunit.xml'
<end of output>
Test time =   0.75 sec
----------------------------------------------------------
Test Passed.
"cpplint" end time: May 03 16:55 MDT
"cpplint" time elapsed: 00:00:00
----------------------------------------------------------

2/6 Testing: grid_map_sdf-test
2/6 Test: grid_map_sdf-test
Command: "/usr/bin/python3" "-u" "/opt/ros/humble/share/ament_cmake_test/cmake/run_test.py" "/home/submarine/gridmap_ws/build/grid_map_sdf/test_results/grid_map_sdf/grid_map_sdf-test.gtest.xml" "--package-name" "grid_map_sdf" "--output-file" "/home/submarine/gridmap_ws/build/grid_map_sdf/ament_cmake_gtest/grid_map_sdf-test.txt" "--command" "/home/submarine/gridmap_ws/build/grid_map_sdf/grid_map_sdf-test" "--gtest_output=xml:/home/submarine/gridmap_ws/build/grid_map_sdf/test_results/grid_map_sdf/grid_map_sdf-test.gtest.xml"
Directory: /home/submarine/gridmap_ws/build/grid_map_sdf
"grid_map_sdf-test" start time: May 03 16:55 MDT
Output:
----------------------------------------------------------
-- run_test.py: invoking following command in '/home/submarine/gridmap_ws/build/grid_map_sdf':
 - /home/submarine/gridmap_ws/build/grid_map_sdf/grid_map_sdf-test --gtest_output=xml:/home/submarine/gridmap_ws/build/grid_map_sdf/test_results/grid_map_sdf/grid_map_sdf-test.gtest.xml
[==========] Running 5 tests from 1 test suite.
[----------] Global test environment set-up.
[----------] 5 tests from SignedDistanceField
[ RUN      ] SignedDistanceField.EmptyMap
[       OK ] SignedDistanceField.EmptyMap (0 ms)
[ RUN      ] SignedDistanceField.GetDistanceFlat
[       OK ] SignedDistanceField.GetDistanceFlat (1 ms)
[ RUN      ] SignedDistanceField.GetDistance
[       OK ] SignedDistanceField.GetDistance (0 ms)
[ RUN      ] SignedDistanceField.GetDistanceGradient
[       OK ] SignedDistanceField.GetDistanceGradient (1 ms)
[ RUN      ] SignedDistanceField.GetInterpolatedDistance
[       OK ] SignedDistanceField.GetInterpolatedDistance (1 ms)
[----------] 5 tests from SignedDistanceField (3 ms total)

[----------] Global test environment tear-down
[==========] 5 tests from 1 test suite ran. (3 ms total)
[  PASSED  ] 5 tests.
-- run_test.py: return code 0
-- run_test.py: inject classname prefix into gtest result file '/home/submarine/gridmap_ws/build/grid_map_sdf/test_results/grid_map_sdf/grid_map_sdf-test.gtest.xml'
-- run_test.py: verify result file '/home/submarine/gridmap_ws/build/grid_map_sdf/test_results/grid_map_sdf/grid_map_sdf-test.gtest.xml'
<end of output>
Test time =   0.11 sec
----------------------------------------------------------
Test Passed.
"grid_map_sdf-test" end time: May 03 16:55 MDT
"grid_map_sdf-test" time elapsed: 00:00:00
----------------------------------------------------------

3/6 Testing: cppcheck
3/6 Test: cppcheck
Command: "/usr/bin/python3" "-u" "/opt/ros/humble/share/ament_cmake_test/cmake/run_test.py" "/home/submarine/gridmap_ws/build/grid_map_sdf/test_results/grid_map_sdf/cppcheck.xunit.xml" "--package-name" "grid_map_sdf" "--output-file" "/home/submarine/gridmap_ws/build/grid_map_sdf/ament_cppcheck/cppcheck.txt" "--command" "/opt/ros/humble/bin/ament_cppcheck" "--xunit-file" "/home/submarine/gridmap_ws/build/grid_map_sdf/test_results/grid_map_sdf/cppcheck.xunit.xml" "--include_dirs" "/home/submarine/gridmap_ws/src/grid_map/grid_map_sdf/include"
Directory: /home/submarine/gridmap_ws/src/grid_map/grid_map_sdf
"cppcheck" start time: May 03 16:55 MDT
Output:
----------------------------------------------------------
-- run_test.py: invoking following command in '/home/submarine/gridmap_ws/src/grid_map/grid_map_sdf':
 - /opt/ros/humble/bin/ament_cppcheck --xunit-file /home/submarine/gridmap_ws/build/grid_map_sdf/test_results/grid_map_sdf/cppcheck.xunit.xml --include_dirs /home/submarine/gridmap_ws/src/grid_map/grid_map_sdf/include
cppcheck 2.7 has known performance issues and therefore will not be used, set the AMENT_CPPCHECK_ALLOW_SLOW_VERSIONS environment variable to override this.
-- run_test.py: return code 0
-- run_test.py: verify result file '/home/submarine/gridmap_ws/build/grid_map_sdf/test_results/grid_map_sdf/cppcheck.xunit.xml'
<end of output>
Test time =   0.25 sec
----------------------------------------------------------
Test Passed.
"cppcheck" end time: May 03 16:55 MDT
"cppcheck" time elapsed: 00:00:00
----------------------------------------------------------

4/6 Testing: lint_cmake
4/6 Test: lint_cmake
Command: "/usr/bin/python3" "-u" "/opt/ros/humble/share/ament_cmake_test/cmake/run_test.py" "/home/submarine/gridmap_ws/build/grid_map_sdf/test_results/grid_map_sdf/lint_cmake.xunit.xml" "--package-name" "grid_map_sdf" "--output-file" "/home/submarine/gridmap_ws/build/grid_map_sdf/ament_lint_cmake/lint_cmake.txt" "--command" "/opt/ros/humble/bin/ament_lint_cmake" "--xunit-file" "/home/submarine/gridmap_ws/build/grid_map_sdf/test_results/grid_map_sdf/lint_cmake.xunit.xml"
Directory: /home/submarine/gridmap_ws/src/grid_map/grid_map_sdf
"lint_cmake" start time: May 03 16:55 MDT
Output:
----------------------------------------------------------
-- run_test.py: invoking following command in '/home/submarine/gridmap_ws/src/grid_map/grid_map_sdf':
 - /opt/ros/humble/bin/ament_lint_cmake --xunit-file /home/submarine/gridmap_ws/build/grid_map_sdf/test_results/grid_map_sdf/lint_cmake.xunit.xml

No problems found
-- run_test.py: return code 0
-- run_test.py: verify result file '/home/submarine/gridmap_ws/build/grid_map_sdf/test_results/grid_map_sdf/lint_cmake.xunit.xml'
<end of output>
Test time =   0.23 sec
----------------------------------------------------------
Test Passed.
"lint_cmake" end time: May 03 16:55 MDT
"lint_cmake" time elapsed: 00:00:00
----------------------------------------------------------

5/6 Testing: uncrustify
5/6 Test: uncrustify
Command: "/usr/bin/python3" "-u" "/opt/ros/humble/share/ament_cmake_test/cmake/run_test.py" "/home/submarine/gridmap_ws/build/grid_map_sdf/test_results/grid_map_sdf/uncrustify.xunit.xml" "--package-name" "grid_map_sdf" "--output-file" "/home/submarine/gridmap_ws/build/grid_map_sdf/ament_uncrustify/uncrustify.txt" "--command" "/opt/ros/humble/bin/ament_uncrustify" "--xunit-file" "/home/submarine/gridmap_ws/build/grid_map_sdf/test_results/grid_map_sdf/uncrustify.xunit.xml"
Directory: /home/submarine/gridmap_ws/src/grid_map/grid_map_sdf
"uncrustify" start time: May 03 16:55 MDT
Output:
----------------------------------------------------------
-- run_test.py: invoking following command in '/home/submarine/gridmap_ws/src/grid_map/grid_map_sdf':
 - /opt/ros/humble/bin/ament_uncrustify --xunit-file /home/submarine/gridmap_ws/build/grid_map_sdf/test_results/grid_map_sdf/uncrustify.xunit.xml
No code style divergence in file 'include/grid_map_sdf/SignedDistanceField.hpp'

No code style divergence in file 'include/grid_map_sdf/distance_transform/dt.hpp'

No code style divergence in file 'include/grid_map_sdf/distance_transform/image.hpp'

No code style divergence in file 'include/grid_map_sdf/distance_transform/imconv.hpp'

No code style divergence in file 'include/grid_map_sdf/distance_transform/imutil.hpp'

No code style divergence in file 'include/grid_map_sdf/distance_transform/misc.hpp'

No code style divergence in file 'include/grid_map_sdf/distance_transform/pnmfile.hpp'

No code style divergence in file 'src/SignedDistanceField.cpp'

No code style divergence in file 'test/SignedDistanceFieldTest.cpp'

No code style divergence in file 'test/test_grid_map_sdf.cpp'

No problems found
-- run_test.py: return code 0
-- run_test.py: verify result file '/home/submarine/gridmap_ws/build/grid_map_sdf/test_results/grid_map_sdf/uncrustify.xunit.xml'
<end of output>
Test time =   0.31 sec
----------------------------------------------------------
Test Passed.
"uncrustify" end time: May 03 16:55 MDT
"uncrustify" time elapsed: 00:00:00
----------------------------------------------------------

6/6 Testing: xmllint
6/6 Test: xmllint
Command: "/usr/bin/python3" "-u" "/opt/ros/humble/share/ament_cmake_test/cmake/run_test.py" "/home/submarine/gridmap_ws/build/grid_map_sdf/test_results/grid_map_sdf/xmllint.xunit.xml" "--package-name" "grid_map_sdf" "--output-file" "/home/submarine/gridmap_ws/build/grid_map_sdf/ament_xmllint/xmllint.txt" "--command" "/opt/ros/humble/bin/ament_xmllint" "--xunit-file" "/home/submarine/gridmap_ws/build/grid_map_sdf/test_results/grid_map_sdf/xmllint.xunit.xml"
Directory: /home/submarine/gridmap_ws/src/grid_map/grid_map_sdf
"xmllint" start time: May 03 16:55 MDT
Output:
----------------------------------------------------------
-- run_test.py: invoking following command in '/home/submarine/gridmap_ws/src/grid_map/grid_map_sdf':
 - /opt/ros/humble/bin/ament_xmllint --xunit-file /home/submarine/gridmap_ws/build/grid_map_sdf/test_results/grid_map_sdf/xmllint.xunit.xml
File 'package.xml' is valid

No problems found
-- run_test.py: return code 0
-- run_test.py: verify result file '/home/submarine/gridmap_ws/build/grid_map_sdf/test_results/grid_map_sdf/xmllint.xunit.xml'
<end of output>
Test time =   0.37 sec
----------------------------------------------------------
Test Passed.
"xmllint" end time: May 03 16:55 MDT
"xmllint" time elapsed: 00:00:00
----------------------------------------------------------

End testing: May 03 16:55 MDT

cppcheck =   0.25 sec*proc

cpplint =   0.75 sec*proc

gtest =   0.11 sec*proc

lint_cmake =   0.23 sec*proc

linter =   1.91 sec*proc

uncrustify =   0.31 sec*proc

xmllint =   0.37 sec*proc

