<?xml version="1.0" encoding="UTF-8"?>
<testsuites tests="6" failures="0" disabled="0" errors="0" time="0.013" timestamp="2024-05-03T16:55:40" name="AllTests">
  <testsuite name="ImageConversion" tests="4" failures="0" disabled="0" errors="0" time="0.011" timestamp="2024-05-03T16:55:40">
    <testcase name="roundTrip8UC3" status="run" result="completed" time="0.006" timestamp="2024-05-03T16:55:40" classname="grid_map_cv.ImageConversion" />
    <testcase name="roundTrip8UC4" status="run" result="completed" time="0" timestamp="2024-05-03T16:55:40" classname="grid_map_cv.ImageConversion" />
    <testcase name="roundTrip16UC1" status="run" result="completed" time="0.002" timestamp="2024-05-03T16:55:40" classname="grid_map_cv.ImageConversion" />
    <testcase name="roundTrip32FC1" status="run" result="completed" time="0.002" timestamp="2024-05-03T16:55:40" classname="grid_map_cv.ImageConversion" />
  </testsuite>
  <testsuite name="GridMapCvProcessing" tests="2" failures="0" disabled="0" errors="0" time="0.002" timestamp="2024-05-03T16:55:40">
    <testcase name="changeResolution" status="run" result="completed" time="0.001" timestamp="2024-05-03T16:55:40" classname="grid_map_cv.GridMapCvProcessing" />
    <testcase name="changeResolutionForMovedMap" status="run" result="completed" time="0.001" timestamp="2024-05-03T16:55:40" classname="grid_map_cv.GridMapCvProcessing" />
  </testsuite>
</testsuites>
