<?xml version="1.0" encoding="UTF-8"?>
<Site BuildName="(empty)"
	BuildStamp="20240503-2255-Experimental"
	Name="ece-linux-laptop13"
	Generator="ctest-3.22.1"
	CompilerName="/usr/bin/c++"
	CompilerVersion="11.4.0"
	OSName="Linux"
	Hostname="ece-linux-laptop13"
	OSRelease="6.5.0-28-generic"
	OSVersion="#29~22.04.1-Ubuntu SMP PREEMPT_DYNAMIC Thu Apr  4 14:39:20 UTC 2"
	OSPlatform="x86_64"
	Is64Bits="1"
	VendorString="AuthenticAMD"
	VendorID="Advanced Micro Devices"
	FamilyID="23"
	ModelID="17"
	ProcessorCacheSize="512"
	NumberOfLogicalCPU="8"
	NumberOfPhysicalCPU="4"
	TotalVirtualMemory="11099"
	TotalPhysicalMemory="5814"
	LogicalProcessorsPerPhysical="2"
	ProcessorClockFrequency="3248.92"
	>
	<Testing>
		<StartDateTime>May 03 16:55 MDT</StartDateTime>
		<StartTestTime>1714776943</StartTestTime>
		<TestList>
			<Test>./cpplint</Test>
			<Test>./cppcheck</Test>
			<Test>./lint_cmake</Test>
			<Test>./uncrustify</Test>
			<Test>./xmllint</Test>
		</TestList>
		<Test Status="passed">
			<Name>cpplint</Name>
			<Path>.</Path>
			<FullName>./cpplint</FullName>
			<FullCommandLine>/usr/bin/python3 "-u" "/opt/ros/humble/share/ament_cmake_test/cmake/run_test.py" "/home/submarine/gridmap_ws/build/grid_map_visualization/test_results/grid_map_visualization/cpplint.xunit.xml" "--package-name" "grid_map_visualization" "--output-file" "/home/submarine/gridmap_ws/build/grid_map_visualization/ament_cpplint/cpplint.txt" "--command" "/opt/ros/humble/bin/ament_cpplint" "--xunit-file" "/home/submarine/gridmap_ws/build/grid_map_visualization/test_results/grid_map_visualization/cpplint.xunit.xml" "--filters=-legal/copyright,-build/include_order"</FullCommandLine>
			<Results>
				<NamedMeasurement type="numeric/double" name="Execution Time">
					<Value>0.931437</Value>
				</NamedMeasurement>
				<NamedMeasurement type="numeric/double" name="Processors">
					<Value>1</Value>
				</NamedMeasurement>
				<NamedMeasurement type="text/string" name="Completion Status">
					<Value>Completed</Value>
				</NamedMeasurement>
				<NamedMeasurement type="text/string" name="Command Line">
					<Value>/usr/bin/python3 "-u" "/opt/ros/humble/share/ament_cmake_test/cmake/run_test.py" "/home/submarine/gridmap_ws/build/grid_map_visualization/test_results/grid_map_visualization/cpplint.xunit.xml" "--package-name" "grid_map_visualization" "--output-file" "/home/submarine/gridmap_ws/build/grid_map_visualization/ament_cpplint/cpplint.txt" "--command" "/opt/ros/humble/bin/ament_cpplint" "--xunit-file" "/home/submarine/gridmap_ws/build/grid_map_visualization/test_results/grid_map_visualization/cpplint.xunit.xml" "--filters=-legal/copyright,-build/include_order"</Value>
				</NamedMeasurement>
				<NamedMeasurement type="text/string" name="Environment">
					<Value>#CTEST_RESOURCE_GROUP_COUNT=</Value>
				</NamedMeasurement>
				<Measurement>
					<Value>-- run_test.py: invoking following command in '/home/submarine/gridmap_ws/src/grid_map/grid_map_visualization':
 - /opt/ros/humble/bin/ament_cpplint --xunit-file /home/submarine/gridmap_ws/build/grid_map_visualization/test_results/grid_map_visualization/cpplint.xunit.xml --filters=-legal/copyright,-build/include_order
Using '--root=/home/submarine/gridmap_ws/src/grid_map/grid_map_visualization/include' argument

Done processing /home/submarine/gridmap_ws/src/grid_map/grid_map_visualization/include/grid_map_visualization/GridMapVisualization.hpp

Done processing /home/submarine/gridmap_ws/src/grid_map/grid_map_visualization/include/grid_map_visualization/GridMapVisualizationHelpers.hpp

Done processing /home/submarine/gridmap_ws/src/grid_map/grid_map_visualization/include/grid_map_visualization/visualizations/FlatPointCloudVisualization.hpp

Done processing /home/submarine/gridmap_ws/src/grid_map/grid_map_visualization/include/grid_map_visualization/visualizations/GridCellsVisualization.hpp

Done processing /home/submarine/gridmap_ws/src/grid_map/grid_map_visualization/include/grid_map_visualization/visualizations/MapRegionVisualization.hpp

Done processing /home/submarine/gridmap_ws/src/grid_map/grid_map_visualization/include/grid_map_visualization/visualizations/OccupancyGridVisualization.hpp

Done processing /home/submarine/gridmap_ws/src/grid_map/grid_map_visualization/include/grid_map_visualization/visualizations/PointCloudVisualization.hpp

Done processing /home/submarine/gridmap_ws/src/grid_map/grid_map_visualization/include/grid_map_visualization/visualizations/VectorVisualization.hpp

Done processing /home/submarine/gridmap_ws/src/grid_map/grid_map_visualization/include/grid_map_visualization/visualizations/VisualizationBase.hpp

Done processing /home/submarine/gridmap_ws/src/grid_map/grid_map_visualization/include/grid_map_visualization/visualizations/VisualizationFactory.hpp

Using '--root=/home/submarine/gridmap_ws/src/grid_map/grid_map_visualization/src' argument

Done processing /home/submarine/gridmap_ws/src/grid_map/grid_map_visualization/src/GridMapVisualization.cpp

Done processing /home/submarine/gridmap_ws/src/grid_map/grid_map_visualization/src/GridMapVisualizationHelpers.cpp

Done processing /home/submarine/gridmap_ws/src/grid_map/grid_map_visualization/src/grid_map_visualization_node.cpp

Done processing /home/submarine/gridmap_ws/src/grid_map/grid_map_visualization/src/visualizations/FlatPointCloudVisualization.cpp

Done processing /home/submarine/gridmap_ws/src/grid_map/grid_map_visualization/src/visualizations/GridCellsVisualization.cpp

Done processing /home/submarine/gridmap_ws/src/grid_map/grid_map_visualization/src/visualizations/MapRegionVisualization.cpp

Done processing /home/submarine/gridmap_ws/src/grid_map/grid_map_visualization/src/visualizations/OccupancyGridVisualization.cpp

Done processing /home/submarine/gridmap_ws/src/grid_map/grid_map_visualization/src/visualizations/PointCloudVisualization.cpp

Done processing /home/submarine/gridmap_ws/src/grid_map/grid_map_visualization/src/visualizations/VectorVisualization.cpp

Done processing /home/submarine/gridmap_ws/src/grid_map/grid_map_visualization/src/visualizations/VisualizationBase.cpp

Done processing /home/submarine/gridmap_ws/src/grid_map/grid_map_visualization/src/visualizations/VisualizationFactory.cpp

No problems found
-- run_test.py: return code 0
-- run_test.py: verify result file '/home/submarine/gridmap_ws/build/grid_map_visualization/test_results/grid_map_visualization/cpplint.xunit.xml'
</Value>
				</Measurement>
			</Results>
			<Labels>
				<Label>cpplint</Label>
				<Label>linter</Label>
			</Labels>
		</Test>
		<Test Status="passed">
			<Name>cppcheck</Name>
			<Path>.</Path>
			<FullName>./cppcheck</FullName>
			<FullCommandLine>/usr/bin/python3 "-u" "/opt/ros/humble/share/ament_cmake_test/cmake/run_test.py" "/home/submarine/gridmap_ws/build/grid_map_visualization/test_results/grid_map_visualization/cppcheck.xunit.xml" "--package-name" "grid_map_visualization" "--output-file" "/home/submarine/gridmap_ws/build/grid_map_visualization/ament_cppcheck/cppcheck.txt" "--command" "/opt/ros/humble/bin/ament_cppcheck" "--xunit-file" "/home/submarine/gridmap_ws/build/grid_map_visualization/test_results/grid_map_visualization/cppcheck.xunit.xml" "--include_dirs" "/home/submarine/gridmap_ws/src/grid_map/grid_map_visualization/include"</FullCommandLine>
			<Results>
				<NamedMeasurement type="numeric/double" name="Execution Time">
					<Value>0.286537</Value>
				</NamedMeasurement>
				<NamedMeasurement type="numeric/double" name="Processors">
					<Value>1</Value>
				</NamedMeasurement>
				<NamedMeasurement type="text/string" name="Completion Status">
					<Value>Completed</Value>
				</NamedMeasurement>
				<NamedMeasurement type="text/string" name="Command Line">
					<Value>/usr/bin/python3 "-u" "/opt/ros/humble/share/ament_cmake_test/cmake/run_test.py" "/home/submarine/gridmap_ws/build/grid_map_visualization/test_results/grid_map_visualization/cppcheck.xunit.xml" "--package-name" "grid_map_visualization" "--output-file" "/home/submarine/gridmap_ws/build/grid_map_visualization/ament_cppcheck/cppcheck.txt" "--command" "/opt/ros/humble/bin/ament_cppcheck" "--xunit-file" "/home/submarine/gridmap_ws/build/grid_map_visualization/test_results/grid_map_visualization/cppcheck.xunit.xml" "--include_dirs" "/home/submarine/gridmap_ws/src/grid_map/grid_map_visualization/include"</Value>
				</NamedMeasurement>
				<NamedMeasurement type="text/string" name="Environment">
					<Value>#CTEST_RESOURCE_GROUP_COUNT=</Value>
				</NamedMeasurement>
				<Measurement>
					<Value>-- run_test.py: invoking following command in '/home/submarine/gridmap_ws/src/grid_map/grid_map_visualization':
 - /opt/ros/humble/bin/ament_cppcheck --xunit-file /home/submarine/gridmap_ws/build/grid_map_visualization/test_results/grid_map_visualization/cppcheck.xunit.xml --include_dirs /home/submarine/gridmap_ws/src/grid_map/grid_map_visualization/include
cppcheck 2.7 has known performance issues and therefore will not be used, set the AMENT_CPPCHECK_ALLOW_SLOW_VERSIONS environment variable to override this.
-- run_test.py: return code 0
-- run_test.py: verify result file '/home/submarine/gridmap_ws/build/grid_map_visualization/test_results/grid_map_visualization/cppcheck.xunit.xml'
</Value>
				</Measurement>
			</Results>
			<Labels>
				<Label>cppcheck</Label>
				<Label>linter</Label>
			</Labels>
		</Test>
		<Test Status="passed">
			<Name>lint_cmake</Name>
			<Path>.</Path>
			<FullName>./lint_cmake</FullName>
			<FullCommandLine>/usr/bin/python3 "-u" "/opt/ros/humble/share/ament_cmake_test/cmake/run_test.py" "/home/submarine/gridmap_ws/build/grid_map_visualization/test_results/grid_map_visualization/lint_cmake.xunit.xml" "--package-name" "grid_map_visualization" "--output-file" "/home/submarine/gridmap_ws/build/grid_map_visualization/ament_lint_cmake/lint_cmake.txt" "--command" "/opt/ros/humble/bin/ament_lint_cmake" "--xunit-file" "/home/submarine/gridmap_ws/build/grid_map_visualization/test_results/grid_map_visualization/lint_cmake.xunit.xml"</FullCommandLine>
			<Results>
				<NamedMeasurement type="numeric/double" name="Execution Time">
					<Value>0.24444</Value>
				</NamedMeasurement>
				<NamedMeasurement type="numeric/double" name="Processors">
					<Value>1</Value>
				</NamedMeasurement>
				<NamedMeasurement type="text/string" name="Completion Status">
					<Value>Completed</Value>
				</NamedMeasurement>
				<NamedMeasurement type="text/string" name="Command Line">
					<Value>/usr/bin/python3 "-u" "/opt/ros/humble/share/ament_cmake_test/cmake/run_test.py" "/home/submarine/gridmap_ws/build/grid_map_visualization/test_results/grid_map_visualization/lint_cmake.xunit.xml" "--package-name" "grid_map_visualization" "--output-file" "/home/submarine/gridmap_ws/build/grid_map_visualization/ament_lint_cmake/lint_cmake.txt" "--command" "/opt/ros/humble/bin/ament_lint_cmake" "--xunit-file" "/home/submarine/gridmap_ws/build/grid_map_visualization/test_results/grid_map_visualization/lint_cmake.xunit.xml"</Value>
				</NamedMeasurement>
				<NamedMeasurement type="text/string" name="Environment">
					<Value>#CTEST_RESOURCE_GROUP_COUNT=</Value>
				</NamedMeasurement>
				<Measurement>
					<Value>-- run_test.py: invoking following command in '/home/submarine/gridmap_ws/src/grid_map/grid_map_visualization':
 - /opt/ros/humble/bin/ament_lint_cmake --xunit-file /home/submarine/gridmap_ws/build/grid_map_visualization/test_results/grid_map_visualization/lint_cmake.xunit.xml

No problems found
-- run_test.py: return code 0
-- run_test.py: verify result file '/home/submarine/gridmap_ws/build/grid_map_visualization/test_results/grid_map_visualization/lint_cmake.xunit.xml'
</Value>
				</Measurement>
			</Results>
			<Labels>
				<Label>lint_cmake</Label>
				<Label>linter</Label>
			</Labels>
		</Test>
		<Test Status="passed">
			<Name>uncrustify</Name>
			<Path>.</Path>
			<FullName>./uncrustify</FullName>
			<FullCommandLine>/usr/bin/python3 "-u" "/opt/ros/humble/share/ament_cmake_test/cmake/run_test.py" "/home/submarine/gridmap_ws/build/grid_map_visualization/test_results/grid_map_visualization/uncrustify.xunit.xml" "--package-name" "grid_map_visualization" "--output-file" "/home/submarine/gridmap_ws/build/grid_map_visualization/ament_uncrustify/uncrustify.txt" "--command" "/opt/ros/humble/bin/ament_uncrustify" "--xunit-file" "/home/submarine/gridmap_ws/build/grid_map_visualization/test_results/grid_map_visualization/uncrustify.xunit.xml"</FullCommandLine>
			<Results>
				<NamedMeasurement type="numeric/double" name="Execution Time">
					<Value>0.282377</Value>
				</NamedMeasurement>
				<NamedMeasurement type="numeric/double" name="Processors">
					<Value>1</Value>
				</NamedMeasurement>
				<NamedMeasurement type="text/string" name="Completion Status">
					<Value>Completed</Value>
				</NamedMeasurement>
				<NamedMeasurement type="text/string" name="Command Line">
					<Value>/usr/bin/python3 "-u" "/opt/ros/humble/share/ament_cmake_test/cmake/run_test.py" "/home/submarine/gridmap_ws/build/grid_map_visualization/test_results/grid_map_visualization/uncrustify.xunit.xml" "--package-name" "grid_map_visualization" "--output-file" "/home/submarine/gridmap_ws/build/grid_map_visualization/ament_uncrustify/uncrustify.txt" "--command" "/opt/ros/humble/bin/ament_uncrustify" "--xunit-file" "/home/submarine/gridmap_ws/build/grid_map_visualization/test_results/grid_map_visualization/uncrustify.xunit.xml"</Value>
				</NamedMeasurement>
				<NamedMeasurement type="text/string" name="Environment">
					<Value>#CTEST_RESOURCE_GROUP_COUNT=</Value>
				</NamedMeasurement>
				<Measurement>
					<Value>-- run_test.py: invoking following command in '/home/submarine/gridmap_ws/src/grid_map/grid_map_visualization':
 - /opt/ros/humble/bin/ament_uncrustify --xunit-file /home/submarine/gridmap_ws/build/grid_map_visualization/test_results/grid_map_visualization/uncrustify.xunit.xml
No code style divergence in file 'include/grid_map_visualization/GridMapVisualization.hpp'

No code style divergence in file 'include/grid_map_visualization/GridMapVisualizationHelpers.hpp'

No code style divergence in file 'include/grid_map_visualization/visualizations/FlatPointCloudVisualization.hpp'

No code style divergence in file 'include/grid_map_visualization/visualizations/GridCellsVisualization.hpp'

No code style divergence in file 'include/grid_map_visualization/visualizations/MapRegionVisualization.hpp'

No code style divergence in file 'include/grid_map_visualization/visualizations/OccupancyGridVisualization.hpp'

No code style divergence in file 'include/grid_map_visualization/visualizations/PointCloudVisualization.hpp'

No code style divergence in file 'include/grid_map_visualization/visualizations/VectorVisualization.hpp'

No code style divergence in file 'include/grid_map_visualization/visualizations/VisualizationBase.hpp'

No code style divergence in file 'include/grid_map_visualization/visualizations/VisualizationFactory.hpp'

No code style divergence in file 'src/GridMapVisualization.cpp'

No code style divergence in file 'src/GridMapVisualizationHelpers.cpp'

No code style divergence in file 'src/grid_map_visualization_node.cpp'

No code style divergence in file 'src/visualizations/FlatPointCloudVisualization.cpp'

No code style divergence in file 'src/visualizations/GridCellsVisualization.cpp'

No code style divergence in file 'src/visualizations/MapRegionVisualization.cpp'

No code style divergence in file 'src/visualizations/OccupancyGridVisualization.cpp'

No code style divergence in file 'src/visualizations/PointCloudVisualization.cpp'

No code style divergence in file 'src/visualizations/VectorVisualization.cpp'

No code style divergence in file 'src/visualizations/VisualizationBase.cpp'

No code style divergence in file 'src/visualizations/VisualizationFactory.cpp'

No problems found
-- run_test.py: return code 0
-- run_test.py: verify result file '/home/submarine/gridmap_ws/build/grid_map_visualization/test_results/grid_map_visualization/uncrustify.xunit.xml'
</Value>
				</Measurement>
			</Results>
			<Labels>
				<Label>linter</Label>
				<Label>uncrustify</Label>
			</Labels>
		</Test>
		<Test Status="passed">
			<Name>xmllint</Name>
			<Path>.</Path>
			<FullName>./xmllint</FullName>
			<FullCommandLine>/usr/bin/python3 "-u" "/opt/ros/humble/share/ament_cmake_test/cmake/run_test.py" "/home/submarine/gridmap_ws/build/grid_map_visualization/test_results/grid_map_visualization/xmllint.xunit.xml" "--package-name" "grid_map_visualization" "--output-file" "/home/submarine/gridmap_ws/build/grid_map_visualization/ament_xmllint/xmllint.txt" "--command" "/opt/ros/humble/bin/ament_xmllint" "--xunit-file" "/home/submarine/gridmap_ws/build/grid_map_visualization/test_results/grid_map_visualization/xmllint.xunit.xml"</FullCommandLine>
			<Results>
				<NamedMeasurement type="numeric/double" name="Execution Time">
					<Value>0.3012</Value>
				</NamedMeasurement>
				<NamedMeasurement type="numeric/double" name="Processors">
					<Value>1</Value>
				</NamedMeasurement>
				<NamedMeasurement type="text/string" name="Completion Status">
					<Value>Completed</Value>
				</NamedMeasurement>
				<NamedMeasurement type="text/string" name="Command Line">
					<Value>/usr/bin/python3 "-u" "/opt/ros/humble/share/ament_cmake_test/cmake/run_test.py" "/home/submarine/gridmap_ws/build/grid_map_visualization/test_results/grid_map_visualization/xmllint.xunit.xml" "--package-name" "grid_map_visualization" "--output-file" "/home/submarine/gridmap_ws/build/grid_map_visualization/ament_xmllint/xmllint.txt" "--command" "/opt/ros/humble/bin/ament_xmllint" "--xunit-file" "/home/submarine/gridmap_ws/build/grid_map_visualization/test_results/grid_map_visualization/xmllint.xunit.xml"</Value>
				</NamedMeasurement>
				<NamedMeasurement type="text/string" name="Environment">
					<Value>#CTEST_RESOURCE_GROUP_COUNT=</Value>
				</NamedMeasurement>
				<Measurement>
					<Value>-- run_test.py: invoking following command in '/home/submarine/gridmap_ws/src/grid_map/grid_map_visualization':
 - /opt/ros/humble/bin/ament_xmllint --xunit-file /home/submarine/gridmap_ws/build/grid_map_visualization/test_results/grid_map_visualization/xmllint.xunit.xml
File 'package.xml' is valid

No problems found
-- run_test.py: return code 0
-- run_test.py: verify result file '/home/submarine/gridmap_ws/build/grid_map_visualization/test_results/grid_map_visualization/xmllint.xunit.xml'
</Value>
				</Measurement>
			</Results>
			<Labels>
				<Label>linter</Label>
				<Label>xmllint</Label>
			</Labels>
		</Test>
		<EndDateTime>May 03 16:55 MDT</EndDateTime>
		<EndTestTime>1714776945</EndTestTime>
		<ElapsedMinutes>0</ElapsedMinutes>
	</Testing>
</Site>
