[0.039s] Invoking command in '/home/submarine/ros_ws/build/pcl_ros': CMAKE_PREFIX_PATH=${CMAKE_PREFIX_PATH}:/home/submarine/ros_ws/install/speed_sensor:/home/submarine/ros_ws/install/sonars:/home/submarine/ros_ws/install/servo_node:/home/submarine/ryans_ws/install/orientation_package:/opt/ros/jazzy DEBUGINFOD_URLS=https://debuginfod.ubuntu.com /usr/bin/cmake /home/submarine/ros_ws/src/perception_pcl/pcl_ros -DCMAKE_INSTALL_PREFIX=/home/submarine/ros_ws/install/pcl_ros
[0.846s] -- The C compiler identification is GNU 13.2.0
[1.430s] -- The CXX compiler identification is GNU 13.2.0
[1.476s] -- Detecting C compiler ABI info
[1.754s] -- Detecting C compiler ABI info - done
[1.768s] -- Check for working C compiler: /usr/bin/cc - skipped
[1.769s] -- Detecting C compile features
[1.771s] -- Detecting C compile features - done
[1.792s] -- Detecting CXX compiler ABI info
[2.078s] -- Detecting CXX compiler ABI info - done
[2.092s] -- Check for working CXX compiler: /usr/bin/c++ - skipped
[2.092s] -- Detecting CXX compile features
[2.092s] -- Detecting CXX compile features - done
[2.255s] [33mCMake Warning (dev) at /usr/lib/aarch64-linux-gnu/cmake/pcl/Modules/FindFLANN.cmake:45 (find_package):
[2.255s]   Policy CMP0144 is not set: find_package uses upper-case <PACKAGENAME>_ROOT
[2.256s]   variables.  Run "cmake --help-policy CMP0144" for policy details.  Use the
[2.256s]   cmake_policy command to set the policy and suppress this warning.
[2.256s] 
[2.256s]   CMake variable FLANN_ROOT is set to:
[2.257s] 
[2.257s]     /usr
[2.257s] 
[2.257s]   For compatibility, find_package is ignoring the variable, but code in a
[2.259s]   .cmake module might still use it.
[2.261s] Call Stack (most recent call first):
[2.261s]   /usr/lib/aarch64-linux-gnu/cmake/pcl/PCLConfig.cmake:261 (find_package)
[2.261s]   /usr/lib/aarch64-linux-gnu/cmake/pcl/PCLConfig.cmake:306 (find_flann)
[2.262s]   /usr/lib/aarch64-linux-gnu/cmake/pcl/PCLConfig.cmake:570 (find_external_library)
[2.262s]   CMakeLists.txt:13 (find_package)
[2.262s] This warning is for project developers.  Use -Wno-dev to suppress it.
[2.262s] [0m
[2.262s] -- Found flann version 1.9.2
[6.555s] -- Found OpenMP_CXX: -fopenmp (found version "4.5") 
[6.555s] -- Found OpenMP: TRUE (found version "4.5") found components: CXX 
[7.678s] -- Checking for module 'libusb-1.0'
[7.727s] --   Found libusb-1.0, version 1.0.27
[7.854s] -- Found libusb: /usr/lib/aarch64-linux-gnu/libusb-1.0.so  
[7.857s] -- OpenNI found (version: 1.5.4.0, include: /usr/include/ni, lib: /usr/lib/libOpenNI.so;libusb::libusb)
[8.047s] -- OpenNI2 found (version: 2.2.0.33, include: /usr/include/openni2, lib: /usr/lib/aarch64-linux-gnu/libOpenNI2.so;libusb::libusb)
[8.058s] -- Could NOT find Pcap (missing: PCAP_LIBRARIES PCAP_INCLUDE_DIRS) 
[8.082s] -- Found ZLIB: /usr/lib/aarch64-linux-gnu/libz.so (found version "1.3")  
[8.113s] -- Found PNG: /usr/lib/aarch64-linux-gnu/libpng.so (found version "1.6.43") 
[9.504s] -- Found Qhull version 8.0.2
[10.837s] -- Found PCL_COMMON: /usr/lib/aarch64-linux-gnu/libpcl_common.so  
[10.849s] -- Found PCL_KDTREE: /usr/lib/aarch64-linux-gnu/libpcl_kdtree.so  
[10.849s] -- Found PCL_OCTREE: /usr/lib/aarch64-linux-gnu/libpcl_octree.so  
[10.855s] -- Found PCL_SEARCH: /usr/lib/aarch64-linux-gnu/libpcl_search.so  
[10.861s] -- Found PCL_2D: /usr/include/pcl-1.14  
[10.863s] -- Found PCL_FEATURES: /usr/lib/aarch64-linux-gnu/libpcl_features.so  
[10.873s] -- Found PCL_SAMPLE_CONSENSUS: /usr/lib/aarch64-linux-gnu/libpcl_sample_consensus.so  
[10.875s] -- Found PCL_FILTERS: /usr/lib/aarch64-linux-gnu/libpcl_filters.so  
[10.881s] -- Found PCL_IO: /usr/lib/aarch64-linux-gnu/libpcl_io.so  
[10.888s] -- Found PCL_GEOMETRY: /usr/include/pcl-1.14  
[10.894s] -- Found PCL_ML: /usr/lib/aarch64-linux-gnu/libpcl_ml.so  
[10.894s] -- Found PCL_SEGMENTATION: /usr/lib/aarch64-linux-gnu/libpcl_segmentation.so  
[10.897s] -- Found PCL_SURFACE: /usr/lib/aarch64-linux-gnu/libpcl_surface.so  
[10.909s] -- Found ament_cmake: 2.5.2 (/opt/ros/jazzy/share/ament_cmake/cmake)
[11.671s] -- Found Python3: /usr/bin/python3 (found version "3.12.3") found components: Interpreter 
[12.476s] -- Found pcl_conversions: 2.6.1 (/opt/ros/jazzy/share/pcl_conversions/cmake)
[12.725s] -- Found rosidl_generator_c: 4.6.3 (/opt/ros/jazzy/share/rosidl_generator_c/cmake)
[12.815s] -- Found rosidl_generator_cpp: 4.6.3 (/opt/ros/jazzy/share/rosidl_generator_cpp/cmake)
[12.912s] -- Using all available rosidl_typesupport_c: rosidl_typesupport_fastrtps_c;rosidl_typesupport_introspection_c
[13.044s] -- Using all available rosidl_typesupport_cpp: rosidl_typesupport_fastrtps_cpp;rosidl_typesupport_introspection_cpp
[13.498s] -- Found rmw_implementation_cmake: 7.3.1 (/opt/ros/jazzy/share/rmw_implementation_cmake/cmake)
[13.525s] -- Found rmw_fastrtps_cpp: 8.4.1 (/opt/ros/jazzy/share/rmw_fastrtps_cpp/cmake)
[14.031s] -- Found OpenSSL: /usr/lib/aarch64-linux-gnu/libcrypto.so (found version "3.0.13")  
[14.073s] -- Found FastRTPS: /opt/ros/jazzy/include (Required is at least version "2.13") 
[14.134s] -- Using RMW implementation 'rmw_fastrtps_cpp' as default
[14.681s] -- Found rclcpp_components: 28.1.3 (/opt/ros/jazzy/share/rclcpp_components/cmake)
[14.762s] -- Found tf2: 0.36.4 (/opt/ros/jazzy/share/tf2/cmake)
[14.784s] -- Found tf2_eigen: 0.36.4 (/opt/ros/jazzy/share/tf2_eigen/cmake)
[15.211s] -- Found tf2_geometry_msgs: 0.36.4 (/opt/ros/jazzy/share/tf2_geometry_msgs/cmake)
[15.264s] -- Found eigen3_cmake_module: 0.3.0 (/opt/ros/jazzy/share/eigen3_cmake_module/cmake)
[15.270s] -- Found Eigen3: TRUE (found version "3.4.0") 
[15.277s] -- Ensuring Eigen3 include directory is part of orocos-kdl CMake target
[15.595s] -- Checking to see if CXX compiler accepts flag -Wl,--version-script,"/home/submarine/ros_ws/build/pcl_ros/class_loader_hide_library_symbols__pcl_ros_filters.script"
[16.139s] -- Checking to see if CXX compiler accepts flag -Wl,--version-script,"/home/submarine/ros_ws/build/pcl_ros/class_loader_hide_library_symbols__pcl_ros_filters.script" - yes
[16.266s] -- Found ament_lint_auto: 0.17.1 (/opt/ros/jazzy/share/ament_lint_auto/cmake)
[49.999s] -- Added test 'cppcheck' to perform static code analysis on C / C++ code
[50.000s] -- Configured cppcheck include dirs: $<BUILD_INTERFACE:/home/submarine/ros_ws/src/perception_pcl/pcl_ros/include>
[50.001s] -- Configured cppcheck exclude dirs and/or files: 
[50.017s] -- Added test 'cpplint' to check C / C++ code against the Google style
[50.017s] -- Configured cpplint exclude dirs and/or files: 
[50.024s] -- Added test 'flake8' to check Python code syntax and style conventions
[50.031s] -- Configured 'flake8' exclude dirs and/or files: 
[50.036s] -- Added test 'lint_cmake' to check CMake code style
[50.043s] -- Added test 'pep257' to check Python code against some of the docstring style conventions in PEP 257
[50.067s] -- Added test 'uncrustify' to check C / C++ code style
[50.073s] -- Configured uncrustify additional arguments: 
[50.078s] -- Added test 'xmllint' to check XML markup files
[50.098s] -- Configuring done (49.9s)
[51.149s] -- Generating done (0.8s)
[51.170s] -- Build files have been written to: /home/submarine/ros_ws/build/pcl_ros
[51.316s] Invoked command in '/home/submarine/ros_ws/build/pcl_ros' returned '0': CMAKE_PREFIX_PATH=${CMAKE_PREFIX_PATH}:/home/submarine/ros_ws/install/speed_sensor:/home/submarine/ros_ws/install/sonars:/home/submarine/ros_ws/install/servo_node:/home/submarine/ryans_ws/install/orientation_package:/opt/ros/jazzy DEBUGINFOD_URLS=https://debuginfod.ubuntu.com /usr/bin/cmake /home/submarine/ros_ws/src/perception_pcl/pcl_ros -DCMAKE_INSTALL_PREFIX=/home/submarine/ros_ws/install/pcl_ros
[51.324s] Invoking command in '/home/submarine/ros_ws/build/pcl_ros': CMAKE_PREFIX_PATH=${CMAKE_PREFIX_PATH}:/home/submarine/ros_ws/install/speed_sensor:/home/submarine/ros_ws/install/sonars:/home/submarine/ros_ws/install/servo_node:/home/submarine/ryans_ws/install/orientation_package:/opt/ros/jazzy DEBUGINFOD_URLS=https://debuginfod.ubuntu.com /usr/bin/cmake --build /home/submarine/ros_ws/build/pcl_ros -- -j4 -l4
[51.550s] [  2%] [32mBuilding CXX object CMakeFiles/pcl_ros_tf.dir/src/transforms.cpp.o[0m
[81.681s] [  5%] [32m[1mLinking CXX static library libpcl_ros_tf.a[0m
[81.868s] [  5%] Built target pcl_ros_tf
[81.909s] [  8%] [32mBuilding CXX object CMakeFiles/filter_project_inliers_node.dir/rclcpp_components/node_main_filter_project_inliers_node.cpp.o[0m
[87.969s] [ 11%] [32m[1mLinking CXX executable filter_project_inliers_node[0m
[88.231s] [ 11%] Built target filter_project_inliers_node
[88.275s] [ 14%] [32mBuilding CXX object CMakeFiles/filter_radius_outlier_removal_node.dir/rclcpp_components/node_main_filter_radius_outlier_removal_node.cpp.o[0m
[94.437s] [ 17%] [32m[1mLinking CXX executable filter_radius_outlier_removal_node[0m
[94.697s] [ 17%] Built target filter_radius_outlier_removal_node
[94.740s] [ 20%] [32mBuilding CXX object CMakeFiles/filter_statistical_outlier_removal_node.dir/rclcpp_components/node_main_filter_statistical_outlier_removal_node.cpp.o[0m
[96.769s] [ 22%] [32mBuilding CXX object CMakeFiles/filter_crop_box_node.dir/rclcpp_components/node_main_filter_crop_box_node.cpp.o[0m
[98.808s] [ 25%] [32mBuilding CXX object CMakeFiles/filter_passthrough_node.dir/rclcpp_components/node_main_filter_passthrough_node.cpp.o[0m
[100.891s] [ 28%] [32mBuilding CXX object CMakeFiles/filter_extract_indices_node.dir/rclcpp_components/node_main_filter_extract_indices_node.cpp.o[0m
[102.184s] [ 31%] [32m[1mLinking CXX executable filter_statistical_outlier_removal_node[0m
[102.553s] [ 31%] Built target filter_statistical_outlier_removal_node
[102.609s] [ 34%] [32mBuilding CXX object CMakeFiles/filter_voxel_grid_node.dir/rclcpp_components/node_main_filter_voxel_grid_node.cpp.o[0m
[105.022s] [ 37%] [32m[1mLinking CXX executable filter_crop_box_node[0m
[105.401s] [ 37%] Built target filter_crop_box_node
[105.461s] [ 40%] [32mBuilding CXX object CMakeFiles/pcd_to_pointcloud_lib.dir/tools/pcd_to_pointcloud.cpp.o[0m
[107.690s] [ 42%] [32m[1mLinking CXX executable filter_passthrough_node[0m
[108.047s] [ 42%] Built target filter_passthrough_node
[108.099s] [ 45%] [32mBuilding CXX object CMakeFiles/pcd_to_pointcloud.dir/rclcpp_components/node_main_pcd_to_pointcloud.cpp.o[0m
[109.865s] [ 48%] [32m[1mLinking CXX executable filter_extract_indices_node[0m
[110.237s] [ 48%] Built target filter_extract_indices_node
[110.295s] [ 51%] [32mBuilding CXX object CMakeFiles/pointcloud_to_pcd_lib.dir/tools/pointcloud_to_pcd.cpp.o[0m
[111.590s] [ 54%] [32m[1mLinking CXX executable filter_voxel_grid_node[0m
[111.967s] [ 54%] Built target filter_voxel_grid_node
[112.024s] [ 57%] [32mBuilding CXX object CMakeFiles/pointcloud_to_pcd.dir/rclcpp_components/node_main_pointcloud_to_pcd.cpp.o[0m
[116.658s] [ 60%] [32m[1mLinking CXX executable pcd_to_pointcloud[0m
[117.016s] [ 60%] Built target pcd_to_pointcloud
[117.070s] [ 62%] [32mBuilding CXX object tests/filters/CMakeFiles/dummy_topics.dir/dummy_topics.cpp.o[0m
[120.270s] [ 65%] [32m[1mLinking CXX executable pointcloud_to_pcd[0m
[120.649s] [ 65%] Built target pointcloud_to_pcd
[120.706s] [ 68%] [32mBuilding CXX object CMakeFiles/pcl_ros_filters.dir/src/pcl_ros/filters/extract_indices.cpp.o[0m
[124.999s] gmake[2]: *** [CMakeFiles/pointcloud_to_pcd_lib.dir/build.make:76: CMakeFiles/pointcloud_to_pcd_lib.dir/tools/pointcloud_to_pcd.cpp.o] Interrupt
[124.999s] gmake[2]: *** [CMakeFiles/pcl_ros_filters.dir/build.make:76: CMakeFiles/pcl_ros_filters.dir/src/pcl_ros/filters/extract_indices.cpp.o] Interrupt
[124.999s] gmake[2]: *** wait: No child processes.  Stop.
[125.000s] gmake[2]: *** Waiting for unfinished jobs....
[125.000s] gmake[2]: *** wait: No child processes.  Stop.
[125.000s] gmake[1]: *** [CMakeFiles/Makefile2:464: CMakeFiles/pointcloud_to_pcd_lib.dir/all] Interrupt
[125.003s] gmake[1]: *** [CMakeFiles/Makefile2:204: CMakeFiles/pcl_ros_filters.dir/all] Interrupt
[125.003s] gmake[2]: *** [CMakeFiles/pcd_to_pointcloud_lib.dir/build.make:76: CMakeFiles/pcd_to_pointcloud_lib.dir/tools/pcd_to_pointcloud.cpp.o] Interrupt
[125.003s] gmake[1]: *** [CMakeFiles/Makefile2:412: CMakeFiles/pcd_to_pointcloud_lib.dir/all] Interrupt
[125.004s] gmake[1]: *** [CMakeFiles/Makefile2:516: tests/filters/CMakeFiles/dummy_topics.dir/all] Error 2
[125.004s] gmake: *** [Makefile:146: all] Interrupt
