Start testing: May 03 16:55 MDT
----------------------------------------------------------
1/6 Testing: cpplint
1/6 Test: cpplint
Command: "/usr/bin/python3" "-u" "/opt/ros/humble/share/ament_cmake_test/cmake/run_test.py" "/home/submarine/gridmap_ws/build/grid_map_octomap/test_results/grid_map_octomap/cpplint.xunit.xml" "--package-name" "grid_map_octomap" "--output-file" "/home/submarine/gridmap_ws/build/grid_map_octomap/ament_cpplint/cpplint.txt" "--command" "/opt/ros/humble/bin/ament_cpplint" "--xunit-file" "/home/submarine/gridmap_ws/build/grid_map_octomap/test_results/grid_map_octomap/cpplint.xunit.xml" "--filters=-legal/copyright,-build/include_order"
Directory: /home/submarine/gridmap_ws/src/grid_map/grid_map_octomap
"cpplint" start time: May 03 16:55 MDT
Output:
----------------------------------------------------------
-- run_test.py: invoking following command in '/home/submarine/gridmap_ws/src/grid_map/grid_map_octomap':
 - /opt/ros/humble/bin/ament_cpplint --xunit-file /home/submarine/gridmap_ws/build/grid_map_octomap/test_results/grid_map_octomap/cpplint.xunit.xml --filters=-legal/copyright,-build/include_order
Using '--root=/home/submarine/gridmap_ws/src/grid_map/grid_map_octomap/include' argument

Done processing /home/submarine/gridmap_ws/src/grid_map/grid_map_octomap/include/grid_map_octomap/GridMapOctomapConverter.hpp

Done processing /home/submarine/gridmap_ws/src/grid_map/grid_map_octomap/include/grid_map_octomap/grid_map_octomap.hpp

Using '--root=/home/submarine/gridmap_ws/src/grid_map/grid_map_octomap/src' argument

Done processing /home/submarine/gridmap_ws/src/grid_map/grid_map_octomap/src/GridMapOctomapConverter.cpp

Using '--root=/home/submarine/gridmap_ws/src/grid_map/grid_map_octomap/test' argument

Done processing /home/submarine/gridmap_ws/src/grid_map/grid_map_octomap/test/OctomapConverterTest.cpp

Done processing /home/submarine/gridmap_ws/src/grid_map/grid_map_octomap/test/test_grid_map_octomap.cpp

No problems found
-- run_test.py: return code 0
-- run_test.py: verify result file '/home/submarine/gridmap_ws/build/grid_map_octomap/test_results/grid_map_octomap/cpplint.xunit.xml'
<end of output>
Test time =   0.36 sec
----------------------------------------------------------
Test Passed.
"cpplint" end time: May 03 16:55 MDT
"cpplint" time elapsed: 00:00:00
----------------------------------------------------------

2/6 Testing: grid_map_octomap-test
2/6 Test: grid_map_octomap-test
Command: "/usr/bin/python3" "-u" "/opt/ros/humble/share/ament_cmake_test/cmake/run_test.py" "/home/submarine/gridmap_ws/build/grid_map_octomap/test_results/grid_map_octomap/grid_map_octomap-test.gtest.xml" "--package-name" "grid_map_octomap" "--output-file" "/home/submarine/gridmap_ws/build/grid_map_octomap/ament_cmake_gtest/grid_map_octomap-test.txt" "--command" "/home/submarine/gridmap_ws/build/grid_map_octomap/grid_map_octomap-test" "--gtest_output=xml:/home/submarine/gridmap_ws/build/grid_map_octomap/test_results/grid_map_octomap/grid_map_octomap-test.gtest.xml"
Directory: /home/submarine/gridmap_ws/build/grid_map_octomap
"grid_map_octomap-test" start time: May 03 16:55 MDT
Output:
----------------------------------------------------------
-- run_test.py: invoking following command in '/home/submarine/gridmap_ws/build/grid_map_octomap':
 - /home/submarine/gridmap_ws/build/grid_map_octomap/grid_map_octomap-test --gtest_output=xml:/home/submarine/gridmap_ws/build/grid_map_octomap/test_results/grid_map_octomap/grid_map_octomap-test.gtest.xml
[==========] Running 2 tests from 1 test suite.
[----------] Global test environment set-up.
[----------] 2 tests from OctomapConversion
[ RUN      ] OctomapConversion.convertOctomapToGridMap
[       OK ] OctomapConversion.convertOctomapToGridMap (894 ms)
[ RUN      ] OctomapConversion.convertOctomapToGridMapWithBoundingBox
[       OK ] OctomapConversion.convertOctomapToGridMapWithBoundingBox (893 ms)
[----------] 2 tests from OctomapConversion (1787 ms total)

[----------] Global test environment tear-down
[==========] 2 tests from 1 test suite ran. (1787 ms total)
[  PASSED  ] 2 tests.
-- run_test.py: return code 0
-- run_test.py: inject classname prefix into gtest result file '/home/submarine/gridmap_ws/build/grid_map_octomap/test_results/grid_map_octomap/grid_map_octomap-test.gtest.xml'
-- run_test.py: verify result file '/home/submarine/gridmap_ws/build/grid_map_octomap/test_results/grid_map_octomap/grid_map_octomap-test.gtest.xml'
<end of output>
Test time =   1.90 sec
----------------------------------------------------------
Test Passed.
"grid_map_octomap-test" end time: May 03 16:55 MDT
"grid_map_octomap-test" time elapsed: 00:00:01
----------------------------------------------------------

3/6 Testing: cppcheck
3/6 Test: cppcheck
Command: "/usr/bin/python3" "-u" "/opt/ros/humble/share/ament_cmake_test/cmake/run_test.py" "/home/submarine/gridmap_ws/build/grid_map_octomap/test_results/grid_map_octomap/cppcheck.xunit.xml" "--package-name" "grid_map_octomap" "--output-file" "/home/submarine/gridmap_ws/build/grid_map_octomap/ament_cppcheck/cppcheck.txt" "--command" "/opt/ros/humble/bin/ament_cppcheck" "--xunit-file" "/home/submarine/gridmap_ws/build/grid_map_octomap/test_results/grid_map_octomap/cppcheck.xunit.xml" "--include_dirs" "/home/submarine/gridmap_ws/src/grid_map/grid_map_octomap/include"
Directory: /home/submarine/gridmap_ws/src/grid_map/grid_map_octomap
"cppcheck" start time: May 03 16:55 MDT
Output:
----------------------------------------------------------
-- run_test.py: invoking following command in '/home/submarine/gridmap_ws/src/grid_map/grid_map_octomap':
 - /opt/ros/humble/bin/ament_cppcheck --xunit-file /home/submarine/gridmap_ws/build/grid_map_octomap/test_results/grid_map_octomap/cppcheck.xunit.xml --include_dirs /home/submarine/gridmap_ws/src/grid_map/grid_map_octomap/include
cppcheck 2.7 has known performance issues and therefore will not be used, set the AMENT_CPPCHECK_ALLOW_SLOW_VERSIONS environment variable to override this.
-- run_test.py: return code 0
-- run_test.py: verify result file '/home/submarine/gridmap_ws/build/grid_map_octomap/test_results/grid_map_octomap/cppcheck.xunit.xml'
<end of output>
Test time =   0.24 sec
----------------------------------------------------------
Test Passed.
"cppcheck" end time: May 03 16:55 MDT
"cppcheck" time elapsed: 00:00:00
----------------------------------------------------------

4/6 Testing: lint_cmake
4/6 Test: lint_cmake
Command: "/usr/bin/python3" "-u" "/opt/ros/humble/share/ament_cmake_test/cmake/run_test.py" "/home/submarine/gridmap_ws/build/grid_map_octomap/test_results/grid_map_octomap/lint_cmake.xunit.xml" "--package-name" "grid_map_octomap" "--output-file" "/home/submarine/gridmap_ws/build/grid_map_octomap/ament_lint_cmake/lint_cmake.txt" "--command" "/opt/ros/humble/bin/ament_lint_cmake" "--xunit-file" "/home/submarine/gridmap_ws/build/grid_map_octomap/test_results/grid_map_octomap/lint_cmake.xunit.xml"
Directory: /home/submarine/gridmap_ws/src/grid_map/grid_map_octomap
"lint_cmake" start time: May 03 16:55 MDT
Output:
----------------------------------------------------------
-- run_test.py: invoking following command in '/home/submarine/gridmap_ws/src/grid_map/grid_map_octomap':
 - /opt/ros/humble/bin/ament_lint_cmake --xunit-file /home/submarine/gridmap_ws/build/grid_map_octomap/test_results/grid_map_octomap/lint_cmake.xunit.xml

No problems found
-- run_test.py: return code 0
-- run_test.py: verify result file '/home/submarine/gridmap_ws/build/grid_map_octomap/test_results/grid_map_octomap/lint_cmake.xunit.xml'
<end of output>
Test time =   0.25 sec
----------------------------------------------------------
Test Passed.
"lint_cmake" end time: May 03 16:55 MDT
"lint_cmake" time elapsed: 00:00:00
----------------------------------------------------------

5/6 Testing: uncrustify
5/6 Test: uncrustify
Command: "/usr/bin/python3" "-u" "/opt/ros/humble/share/ament_cmake_test/cmake/run_test.py" "/home/submarine/gridmap_ws/build/grid_map_octomap/test_results/grid_map_octomap/uncrustify.xunit.xml" "--package-name" "grid_map_octomap" "--output-file" "/home/submarine/gridmap_ws/build/grid_map_octomap/ament_uncrustify/uncrustify.txt" "--command" "/opt/ros/humble/bin/ament_uncrustify" "--xunit-file" "/home/submarine/gridmap_ws/build/grid_map_octomap/test_results/grid_map_octomap/uncrustify.xunit.xml"
Directory: /home/submarine/gridmap_ws/src/grid_map/grid_map_octomap
"uncrustify" start time: May 03 16:55 MDT
Output:
----------------------------------------------------------
-- run_test.py: invoking following command in '/home/submarine/gridmap_ws/src/grid_map/grid_map_octomap':
 - /opt/ros/humble/bin/ament_uncrustify --xunit-file /home/submarine/gridmap_ws/build/grid_map_octomap/test_results/grid_map_octomap/uncrustify.xunit.xml
No code style divergence in file 'include/grid_map_octomap/GridMapOctomapConverter.hpp'

No code style divergence in file 'include/grid_map_octomap/grid_map_octomap.hpp'

No code style divergence in file 'src/GridMapOctomapConverter.cpp'

No code style divergence in file 'test/OctomapConverterTest.cpp'

No code style divergence in file 'test/test_grid_map_octomap.cpp'

No problems found
-- run_test.py: return code 0
-- run_test.py: verify result file '/home/submarine/gridmap_ws/build/grid_map_octomap/test_results/grid_map_octomap/uncrustify.xunit.xml'
<end of output>
Test time =   0.23 sec
----------------------------------------------------------
Test Passed.
"uncrustify" end time: May 03 16:55 MDT
"uncrustify" time elapsed: 00:00:00
----------------------------------------------------------

6/6 Testing: xmllint
6/6 Test: xmllint
Command: "/usr/bin/python3" "-u" "/opt/ros/humble/share/ament_cmake_test/cmake/run_test.py" "/home/submarine/gridmap_ws/build/grid_map_octomap/test_results/grid_map_octomap/xmllint.xunit.xml" "--package-name" "grid_map_octomap" "--output-file" "/home/submarine/gridmap_ws/build/grid_map_octomap/ament_xmllint/xmllint.txt" "--command" "/opt/ros/humble/bin/ament_xmllint" "--xunit-file" "/home/submarine/gridmap_ws/build/grid_map_octomap/test_results/grid_map_octomap/xmllint.xunit.xml"
Directory: /home/submarine/gridmap_ws/src/grid_map/grid_map_octomap
"xmllint" start time: May 03 16:55 MDT
Output:
----------------------------------------------------------
-- run_test.py: invoking following command in '/home/submarine/gridmap_ws/src/grid_map/grid_map_octomap':
 - /opt/ros/humble/bin/ament_xmllint --xunit-file /home/submarine/gridmap_ws/build/grid_map_octomap/test_results/grid_map_octomap/xmllint.xunit.xml
File 'package.xml' is valid

No problems found
-- run_test.py: return code 0
-- run_test.py: verify result file '/home/submarine/gridmap_ws/build/grid_map_octomap/test_results/grid_map_octomap/xmllint.xunit.xml'
<end of output>
Test time =   0.21 sec
----------------------------------------------------------
Test Passed.
"xmllint" end time: May 03 16:55 MDT
"xmllint" time elapsed: 00:00:00
----------------------------------------------------------

End testing: May 03 16:55 MDT

cppcheck =   0.24 sec*proc

cpplint =   0.36 sec*proc

gtest =   1.90 sec*proc

lint_cmake =   0.25 sec*proc

linter =   1.30 sec*proc

uncrustify =   0.23 sec*proc

xmllint =   0.21 sec*proc

