<?xml version="1.0" encoding="UTF-8"?>
<testsuites tests="91" failures="0" disabled="0" errors="0" time="0.035" timestamp="2024-05-03T16:55:38" name="AllTests">
  <testsuite name="CubicConvolutionInterpolation" tests="7" failures="0" disabled="0" errors="0" time="0.017" timestamp="2024-05-03T16:55:38">
    <testcase name="FlatWorld" status="run" result="completed" time="0" timestamp="2024-05-03T16:55:38" classname="grid_map_core.CubicConvolutionInterpolation" />
    <testcase name="RationalFunctionWorld" status="run" result="completed" time="0.004" timestamp="2024-05-03T16:55:38" classname="grid_map_core.CubicConvolutionInterpolation" />
    <testcase name="SaddleWorld" status="run" result="completed" time="0.001" timestamp="2024-05-03T16:55:38" classname="grid_map_core.CubicConvolutionInterpolation" />
    <testcase name="SecondOrderPolyWorld" status="run" result="completed" time="0" timestamp="2024-05-03T16:55:38" classname="grid_map_core.CubicConvolutionInterpolation" />
    <testcase name="SineWorld" status="run" result="completed" time="0.009" timestamp="2024-05-03T16:55:38" classname="grid_map_core.CubicConvolutionInterpolation" />
    <testcase name="TanhWorld" status="run" result="completed" time="0.001" timestamp="2024-05-03T16:55:38" classname="grid_map_core.CubicConvolutionInterpolation" />
    <testcase name="GaussianWorld" status="run" result="completed" time="0.002" timestamp="2024-05-03T16:55:38" classname="grid_map_core.CubicConvolutionInterpolation" />
  </testsuite>
  <testsuite name="CubicInterpolation" tests="7" failures="0" disabled="0" errors="0" time="0.017" timestamp="2024-05-03T16:55:38">
    <testcase name="FlatWorld" status="run" result="completed" time="0" timestamp="2024-05-03T16:55:38" classname="grid_map_core.CubicInterpolation" />
    <testcase name="RationalFunctionWorld" status="run" result="completed" time="0.003" timestamp="2024-05-03T16:55:38" classname="grid_map_core.CubicInterpolation" />
    <testcase name="SaddleWorld" status="run" result="completed" time="0.001" timestamp="2024-05-03T16:55:38" classname="grid_map_core.CubicInterpolation" />
    <testcase name="SecondOrderPolyWorld" status="run" result="completed" time="0" timestamp="2024-05-03T16:55:38" classname="grid_map_core.CubicInterpolation" />
    <testcase name="SineWorld" status="run" result="completed" time="0.01" timestamp="2024-05-03T16:55:38" classname="grid_map_core.CubicInterpolation" />
    <testcase name="TanhWorld" status="run" result="completed" time="0" timestamp="2024-05-03T16:55:38" classname="grid_map_core.CubicInterpolation" />
    <testcase name="GaussianWorld" status="run" result="completed" time="0.003" timestamp="2024-05-03T16:55:38" classname="grid_map_core.CubicInterpolation" />
  </testsuite>
  <testsuite name="PositionFromIndex" tests="2" failures="0" disabled="0" errors="0" time="0" timestamp="2024-05-03T16:55:38">
    <testcase name="Simple" status="run" result="completed" time="0" timestamp="2024-05-03T16:55:38" classname="grid_map_core.PositionFromIndex" />
    <testcase name="CircularBuffer" status="run" result="completed" time="0" timestamp="2024-05-03T16:55:38" classname="grid_map_core.PositionFromIndex" />
  </testsuite>
  <testsuite name="IndexFromPosition" tests="3" failures="0" disabled="0" errors="0" time="0" timestamp="2024-05-03T16:55:38">
    <testcase name="Simple" status="run" result="completed" time="0" timestamp="2024-05-03T16:55:38" classname="grid_map_core.IndexFromPosition" />
    <testcase name="EdgeCases" status="run" result="completed" time="0" timestamp="2024-05-03T16:55:38" classname="grid_map_core.IndexFromPosition" />
    <testcase name="CircularBuffer" status="run" result="completed" time="0" timestamp="2024-05-03T16:55:38" classname="grid_map_core.IndexFromPosition" />
  </testsuite>
  <testsuite name="checkIfPositionWithinMap" tests="3" failures="0" disabled="0" errors="0" time="0" timestamp="2024-05-03T16:55:38">
    <testcase name="Inside" status="run" result="completed" time="0" timestamp="2024-05-03T16:55:38" classname="grid_map_core.checkIfPositionWithinMap" />
    <testcase name="Outside" status="run" result="completed" time="0" timestamp="2024-05-03T16:55:38" classname="grid_map_core.checkIfPositionWithinMap" />
    <testcase name="EdgeCases" status="run" result="completed" time="0" timestamp="2024-05-03T16:55:38" classname="grid_map_core.checkIfPositionWithinMap" />
  </testsuite>
  <testsuite name="getIndexShiftFromPositionShift" tests="1" failures="0" disabled="0" errors="0" time="0" timestamp="2024-05-03T16:55:38">
    <testcase name="All" status="run" result="completed" time="0" timestamp="2024-05-03T16:55:38" classname="grid_map_core.getIndexShiftFromPositionShift" />
  </testsuite>
  <testsuite name="getPositionShiftFromIndexShift" tests="1" failures="0" disabled="0" errors="0" time="0" timestamp="2024-05-03T16:55:38">
    <testcase name="All" status="run" result="completed" time="0" timestamp="2024-05-03T16:55:38" classname="grid_map_core.getPositionShiftFromIndexShift" />
  </testsuite>
  <testsuite name="checkIfIndexInRange" tests="1" failures="0" disabled="0" errors="0" time="0" timestamp="2024-05-03T16:55:38">
    <testcase name="All" status="run" result="completed" time="0" timestamp="2024-05-03T16:55:38" classname="grid_map_core.checkIfIndexInRange" />
  </testsuite>
  <testsuite name="boundIndexToRange" tests="1" failures="0" disabled="0" errors="0" time="0" timestamp="2024-05-03T16:55:38">
    <testcase name="All" status="run" result="completed" time="0" timestamp="2024-05-03T16:55:38" classname="grid_map_core.boundIndexToRange" />
  </testsuite>
  <testsuite name="wrapIndexToRange" tests="1" failures="0" disabled="0" errors="0" time="0" timestamp="2024-05-03T16:55:38">
    <testcase name="All" status="run" result="completed" time="0" timestamp="2024-05-03T16:55:38" classname="grid_map_core.wrapIndexToRange" />
  </testsuite>
  <testsuite name="boundPositionToRange" tests="2" failures="0" disabled="0" errors="0" time="0" timestamp="2024-05-03T16:55:38">
    <testcase name="Simple" status="run" result="completed" time="0" timestamp="2024-05-03T16:55:38" classname="grid_map_core.boundPositionToRange" />
    <testcase name="Position" status="run" result="completed" time="0" timestamp="2024-05-03T16:55:38" classname="grid_map_core.boundPositionToRange" />
  </testsuite>
  <testsuite name="getSubmapInformation" tests="6" failures="0" disabled="0" errors="0" time="0" timestamp="2024-05-03T16:55:38">
    <testcase name="Simple" status="run" result="completed" time="0" timestamp="2024-05-03T16:55:38" classname="grid_map_core.getSubmapInformation" />
    <testcase name="Zero" status="run" result="completed" time="0" timestamp="2024-05-03T16:55:38" classname="grid_map_core.getSubmapInformation" />
    <testcase name="ExceedingBoundaries" status="run" result="completed" time="0" timestamp="2024-05-03T16:55:38" classname="grid_map_core.getSubmapInformation" />
    <testcase name="CircularBuffer" status="run" result="completed" time="0" timestamp="2024-05-03T16:55:38" classname="grid_map_core.getSubmapInformation" />
    <testcase name="Debug1" status="run" result="completed" time="0" timestamp="2024-05-03T16:55:38" classname="grid_map_core.getSubmapInformation" />
    <testcase name="Debug2" status="run" result="completed" time="0" timestamp="2024-05-03T16:55:38" classname="grid_map_core.getSubmapInformation" />
  </testsuite>
  <testsuite name="getBufferRegionsForSubmap" tests="3" failures="0" disabled="0" errors="0" time="0" timestamp="2024-05-03T16:55:38">
    <testcase name="Trivial" status="run" result="completed" time="0" timestamp="2024-05-03T16:55:38" classname="grid_map_core.getBufferRegionsForSubmap" />
    <testcase name="Simple" status="run" result="completed" time="0" timestamp="2024-05-03T16:55:38" classname="grid_map_core.getBufferRegionsForSubmap" />
    <testcase name="CircularBuffer" status="run" result="completed" time="0" timestamp="2024-05-03T16:55:38" classname="grid_map_core.getBufferRegionsForSubmap" />
  </testsuite>
  <testsuite name="checkIncrementIndex" tests="2" failures="0" disabled="0" errors="0" time="0" timestamp="2024-05-03T16:55:38">
    <testcase name="Simple" status="run" result="completed" time="0" timestamp="2024-05-03T16:55:38" classname="grid_map_core.checkIncrementIndex" />
    <testcase name="CircularBuffer" status="run" result="completed" time="0" timestamp="2024-05-03T16:55:38" classname="grid_map_core.checkIncrementIndex" />
  </testsuite>
  <testsuite name="checkIncrementIndexForSubmap" tests="2" failures="0" disabled="0" errors="0" time="0" timestamp="2024-05-03T16:55:38">
    <testcase name="Simple" status="run" result="completed" time="0" timestamp="2024-05-03T16:55:38" classname="grid_map_core.checkIncrementIndexForSubmap" />
    <testcase name="CircularBuffer" status="run" result="completed" time="0" timestamp="2024-05-03T16:55:38" classname="grid_map_core.checkIncrementIndexForSubmap" />
  </testsuite>
  <testsuite name="getIndexFromLinearIndex" tests="1" failures="0" disabled="0" errors="0" time="0" timestamp="2024-05-03T16:55:38">
    <testcase name="Simple" status="run" result="completed" time="0" timestamp="2024-05-03T16:55:38" classname="grid_map_core.getIndexFromLinearIndex" />
  </testsuite>
  <testsuite name="GridMap" tests="5" failures="0" disabled="0" errors="0" time="0.001" timestamp="2024-05-03T16:55:38">
    <testcase name="CopyConstructor" status="run" result="completed" time="0" timestamp="2024-05-03T16:55:38" classname="grid_map_core.GridMap" />
    <testcase name="CopyAssign" status="run" result="completed" time="0" timestamp="2024-05-03T16:55:38" classname="grid_map_core.GridMap" />
    <testcase name="Move" status="run" result="completed" time="0" timestamp="2024-05-03T16:55:38" classname="grid_map_core.GridMap" />
    <testcase name="Transform" status="run" result="completed" time="0.001" timestamp="2024-05-03T16:55:38" classname="grid_map_core.GridMap" />
    <testcase name="ClipToMap" status="run" result="completed" time="0" timestamp="2024-05-03T16:55:38" classname="grid_map_core.GridMap" />
  </testsuite>
  <testsuite name="AddDataFrom" tests="3" failures="0" disabled="0" errors="0" time="0" timestamp="2024-05-03T16:55:38">
    <testcase name="ExtendMapAligned" status="run" result="completed" time="0" timestamp="2024-05-03T16:55:38" classname="grid_map_core.AddDataFrom" />
    <testcase name="ExtendMapNotAligned" status="run" result="completed" time="0" timestamp="2024-05-03T16:55:38" classname="grid_map_core.AddDataFrom" />
    <testcase name="CopyData" status="run" result="completed" time="0" timestamp="2024-05-03T16:55:38" classname="grid_map_core.AddDataFrom" />
  </testsuite>
  <testsuite name="ValueAtPosition" tests="2" failures="0" disabled="0" errors="0" time="0" timestamp="2024-05-03T16:55:38">
    <testcase name="NearestNeighbor" status="run" result="completed" time="0" timestamp="2024-05-03T16:55:38" classname="grid_map_core.ValueAtPosition" />
    <testcase name="LinearInterpolated" status="run" result="completed" time="0" timestamp="2024-05-03T16:55:38" classname="grid_map_core.ValueAtPosition" />
  </testsuite>
  <testsuite name="GridMapIterator" tests="2" failures="0" disabled="0" errors="0" time="0" timestamp="2024-05-03T16:55:38">
    <testcase name="Simple" status="run" result="completed" time="0" timestamp="2024-05-03T16:55:38" classname="grid_map_core.GridMapIterator" />
    <testcase name="LinearIndex" status="run" result="completed" time="0" timestamp="2024-05-03T16:55:38" classname="grid_map_core.GridMapIterator" />
  </testsuite>
  <testsuite name="LineIterator" tests="6" failures="0" disabled="0" errors="0" time="0" timestamp="2024-05-03T16:55:38">
    <testcase name="StartOutsideMap" status="run" result="completed" time="0" timestamp="2024-05-03T16:55:38" classname="grid_map_core.LineIterator" />
    <testcase name="EndOutsideMap" status="run" result="completed" time="0" timestamp="2024-05-03T16:55:38" classname="grid_map_core.LineIterator" />
    <testcase name="StartAndEndOutsideMap" status="run" result="completed" time="0" timestamp="2024-05-03T16:55:38" classname="grid_map_core.LineIterator" />
    <testcase name="StartAndEndOutsideMapWithoutIntersectingMap" status="run" result="completed" time="0" timestamp="2024-05-03T16:55:38" classname="grid_map_core.LineIterator" />
    <testcase name="MovedMap" status="run" result="completed" time="0" timestamp="2024-05-03T16:55:38" classname="grid_map_core.LineIterator" />
    <testcase name="StartAndEndOutsideMovedMap" status="run" result="completed" time="0" timestamp="2024-05-03T16:55:38" classname="grid_map_core.LineIterator" />
  </testsuite>
  <testsuite name="EllipseIterator" tests="1" failures="0" disabled="0" errors="0" time="0" timestamp="2024-05-03T16:55:38">
    <testcase name="OneCellWideEllipse" status="run" result="completed" time="0" timestamp="2024-05-03T16:55:38" classname="grid_map_core.EllipseIterator" />
  </testsuite>
  <testsuite name="SubmapIterator" tests="2" failures="0" disabled="0" errors="0" time="0" timestamp="2024-05-03T16:55:38">
    <testcase name="Simple" status="run" result="completed" time="0" timestamp="2024-05-03T16:55:38" classname="grid_map_core.SubmapIterator" />
    <testcase name="CircularBuffer" status="run" result="completed" time="0" timestamp="2024-05-03T16:55:38" classname="grid_map_core.SubmapIterator" />
  </testsuite>
  <testsuite name="PolygonIterator" tests="5" failures="0" disabled="0" errors="0" time="0" timestamp="2024-05-03T16:55:38">
    <testcase name="FullCover" status="run" result="completed" time="0" timestamp="2024-05-03T16:55:38" classname="grid_map_core.PolygonIterator" />
    <testcase name="Outside" status="run" result="completed" time="0" timestamp="2024-05-03T16:55:38" classname="grid_map_core.PolygonIterator" />
    <testcase name="Square" status="run" result="completed" time="0" timestamp="2024-05-03T16:55:38" classname="grid_map_core.PolygonIterator" />
    <testcase name="TopLeftTriangle" status="run" result="completed" time="0" timestamp="2024-05-03T16:55:38" classname="grid_map_core.PolygonIterator" />
    <testcase name="MoveMap" status="run" result="completed" time="0" timestamp="2024-05-03T16:55:38" classname="grid_map_core.PolygonIterator" />
  </testsuite>
  <testsuite name="Polygon" tests="7" failures="0" disabled="0" errors="0" time="0" timestamp="2024-05-03T16:55:38">
    <testcase name="getCentroidTriangle" status="run" result="completed" time="0" timestamp="2024-05-03T16:55:38" classname="grid_map_core.Polygon" />
    <testcase name="getCentroidRectangle" status="run" result="completed" time="0" timestamp="2024-05-03T16:55:38" classname="grid_map_core.Polygon" />
    <testcase name="getBoundingBox" status="run" result="completed" time="0" timestamp="2024-05-03T16:55:38" classname="grid_map_core.Polygon" />
    <testcase name="convexHullPoints" status="run" result="completed" time="0" timestamp="2024-05-03T16:55:38" classname="grid_map_core.Polygon" />
    <testcase name="convexHullPolygon" status="run" result="completed" time="0" timestamp="2024-05-03T16:55:38" classname="grid_map_core.Polygon" />
    <testcase name="convexHullCircles" status="run" result="completed" time="0" timestamp="2024-05-03T16:55:38" classname="grid_map_core.Polygon" />
    <testcase name="convexHullCircle" status="run" result="completed" time="0" timestamp="2024-05-03T16:55:38" classname="grid_map_core.Polygon" />
  </testsuite>
  <testsuite name="convertToInequalityConstraints" tests="2" failures="0" disabled="0" errors="0" time="0" timestamp="2024-05-03T16:55:38">
    <testcase name="triangle1" status="run" result="completed" time="0" timestamp="2024-05-03T16:55:38" classname="grid_map_core.convertToInequalityConstraints" />
    <testcase name="triangle2" status="run" result="completed" time="0" timestamp="2024-05-03T16:55:38" classname="grid_map_core.convertToInequalityConstraints" />
  </testsuite>
  <testsuite name="offsetInward" tests="1" failures="0" disabled="0" errors="0" time="0" timestamp="2024-05-03T16:55:38">
    <testcase name="triangle" status="run" result="completed" time="0" timestamp="2024-05-03T16:55:38" classname="grid_map_core.offsetInward" />
  </testsuite>
  <testsuite name="triangulation" tests="2" failures="0" disabled="0" errors="0" time="0" timestamp="2024-05-03T16:55:38">
    <testcase name="triangle" status="run" result="completed" time="0" timestamp="2024-05-03T16:55:38" classname="grid_map_core.triangulation" />
    <testcase name="rectangle" status="run" result="completed" time="0" timestamp="2024-05-03T16:55:38" classname="grid_map_core.triangulation" />
  </testsuite>
  <testsuite name="EigenMatrixBaseAddons" tests="6" failures="0" disabled="0" errors="0" time="0" timestamp="2024-05-03T16:55:38">
    <testcase name="numberOfFinites" status="run" result="completed" time="0" timestamp="2024-05-03T16:55:38" classname="grid_map_core.EigenMatrixBaseAddons" />
    <testcase name="sumOfFinites" status="run" result="completed" time="0" timestamp="2024-05-03T16:55:38" classname="grid_map_core.EigenMatrixBaseAddons" />
    <testcase name="meanOfFinites" status="run" result="completed" time="0" timestamp="2024-05-03T16:55:38" classname="grid_map_core.EigenMatrixBaseAddons" />
    <testcase name="minCoeffOfFinites" status="run" result="completed" time="0" timestamp="2024-05-03T16:55:38" classname="grid_map_core.EigenMatrixBaseAddons" />
    <testcase name="maxCoeffOfFinites" status="run" result="completed" time="0" timestamp="2024-05-03T16:55:38" classname="grid_map_core.EigenMatrixBaseAddons" />
    <testcase name="clamp" status="run" result="completed" time="0" timestamp="2024-05-03T16:55:38" classname="grid_map_core.EigenMatrixBaseAddons" />
  </testsuite>
  <testsuite name="SpiralIterator" tests="1" failures="0" disabled="0" errors="0" time="0" timestamp="2024-05-03T16:55:38">
    <testcase name="CenterOutOfMap" status="run" result="completed" time="0" timestamp="2024-05-03T16:55:38" classname="grid_map_core.SpiralIterator" />
  </testsuite>
  <testsuite name="SlidingWindowIterator" tests="3" failures="0" disabled="0" errors="0" time="0" timestamp="2024-05-03T16:55:38">
    <testcase name="WindowSize3Cutoff" status="run" result="completed" time="0" timestamp="2024-05-03T16:55:38" classname="grid_map_core.SlidingWindowIterator" />
    <testcase name="WindowSize5" status="run" result="completed" time="0" timestamp="2024-05-03T16:55:38" classname="grid_map_core.SlidingWindowIterator" />
    <testcase name="WindowSize3Inside" status="run" result="completed" time="0" timestamp="2024-05-03T16:55:38" classname="grid_map_core.SlidingWindowIterator" />
  </testsuite>
</testsuites>
