<?xml version="1.0" encoding="UTF-8"?>
<Site BuildName="(empty)"
	BuildStamp="20240503-2255-Experimental"
	Name="ece-linux-laptop13"
	Generator="ctest-3.22.1"
	CompilerName="/usr/bin/c++"
	CompilerVersion="11.4.0"
	OSName="Linux"
	Hostname="ece-linux-laptop13"
	OSRelease="6.5.0-28-generic"
	OSVersion="#29~22.04.1-Ubuntu SMP PREEMPT_DYNAMIC Thu Apr  4 14:39:20 UTC 2"
	OSPlatform="x86_64"
	Is64Bits="1"
	VendorString="AuthenticAMD"
	VendorID="Advanced Micro Devices"
	FamilyID="23"
	ModelID="17"
	ProcessorCacheSize="512"
	NumberOfLogicalCPU="8"
	NumberOfPhysicalCPU="4"
	TotalVirtualMemory="11099"
	TotalPhysicalMemory="5814"
	LogicalProcessorsPerPhysical="2"
	ProcessorClockFrequency="3005.44"
	>
	<Testing>
		<StartDateTime>May 03 16:55 MDT</StartDateTime>
		<StartTestTime>1714776939</StartTestTime>
		<TestList>
			<Test>./cpplint</Test>
			<Test>./cppcheck</Test>
			<Test>./lint_cmake</Test>
			<Test>./uncrustify</Test>
			<Test>./xmllint</Test>
			<Test>./test/grid_map_costmap_2d-test</Test>
			<Test>./test/costmap-2d-ros-test</Test>
		</TestList>
		<Test Status="passed">
			<Name>cpplint</Name>
			<Path>.</Path>
			<FullName>./cpplint</FullName>
			<FullCommandLine>/usr/bin/python3 "-u" "/opt/ros/humble/share/ament_cmake_test/cmake/run_test.py" "/home/submarine/gridmap_ws/build/grid_map_costmap_2d/test_results/grid_map_costmap_2d/cpplint.xunit.xml" "--package-name" "grid_map_costmap_2d" "--output-file" "/home/submarine/gridmap_ws/build/grid_map_costmap_2d/ament_cpplint/cpplint.txt" "--command" "/opt/ros/humble/bin/ament_cpplint" "--xunit-file" "/home/submarine/gridmap_ws/build/grid_map_costmap_2d/test_results/grid_map_costmap_2d/cpplint.xunit.xml" "--filters=-legal/copyright"</FullCommandLine>
			<Results>
				<NamedMeasurement type="numeric/double" name="Execution Time">
					<Value>0.666133</Value>
				</NamedMeasurement>
				<NamedMeasurement type="numeric/double" name="Processors">
					<Value>1</Value>
				</NamedMeasurement>
				<NamedMeasurement type="text/string" name="Completion Status">
					<Value>Completed</Value>
				</NamedMeasurement>
				<NamedMeasurement type="text/string" name="Command Line">
					<Value>/usr/bin/python3 "-u" "/opt/ros/humble/share/ament_cmake_test/cmake/run_test.py" "/home/submarine/gridmap_ws/build/grid_map_costmap_2d/test_results/grid_map_costmap_2d/cpplint.xunit.xml" "--package-name" "grid_map_costmap_2d" "--output-file" "/home/submarine/gridmap_ws/build/grid_map_costmap_2d/ament_cpplint/cpplint.txt" "--command" "/opt/ros/humble/bin/ament_cpplint" "--xunit-file" "/home/submarine/gridmap_ws/build/grid_map_costmap_2d/test_results/grid_map_costmap_2d/cpplint.xunit.xml" "--filters=-legal/copyright"</Value>
				</NamedMeasurement>
				<NamedMeasurement type="text/string" name="Environment">
					<Value>#CTEST_RESOURCE_GROUP_COUNT=</Value>
				</NamedMeasurement>
				<Measurement>
					<Value>-- run_test.py: invoking following command in '/home/submarine/gridmap_ws/src/grid_map/grid_map_costmap_2d':
 - /opt/ros/humble/bin/ament_cpplint --xunit-file /home/submarine/gridmap_ws/build/grid_map_costmap_2d/test_results/grid_map_costmap_2d/cpplint.xunit.xml --filters=-legal/copyright
Using '--root=/home/submarine/gridmap_ws/src/grid_map/grid_map_costmap_2d/include' argument

Done processing /home/submarine/gridmap_ws/src/grid_map/grid_map_costmap_2d/include/grid_map_costmap_2d/costmap_2d_converter.hpp

Done processing /home/submarine/gridmap_ws/src/grid_map/grid_map_costmap_2d/include/grid_map_costmap_2d/grid_map_costmap_2d.hpp

Using '--root=/home/submarine/gridmap_ws/src/grid_map/grid_map_costmap_2d/test' argument

Done processing /home/submarine/gridmap_ws/src/grid_map/grid_map_costmap_2d/test/test_costmap_2d_converter.cpp

Done processing /home/submarine/gridmap_ws/src/grid_map/grid_map_costmap_2d/test/test_costmap_2d_ros.cpp

Done processing /home/submarine/gridmap_ws/src/grid_map/grid_map_costmap_2d/test/test_costmap_2d_ros.hpp

Done processing /home/submarine/gridmap_ws/src/grid_map/grid_map_costmap_2d/test/test_grid_map_costmap_2d.cpp

No problems found
-- run_test.py: return code 0
-- run_test.py: verify result file '/home/submarine/gridmap_ws/build/grid_map_costmap_2d/test_results/grid_map_costmap_2d/cpplint.xunit.xml'
</Value>
				</Measurement>
			</Results>
			<Labels>
				<Label>cpplint</Label>
				<Label>linter</Label>
			</Labels>
		</Test>
		<Test Status="passed">
			<Name>cppcheck</Name>
			<Path>.</Path>
			<FullName>./cppcheck</FullName>
			<FullCommandLine>/usr/bin/python3 "-u" "/opt/ros/humble/share/ament_cmake_test/cmake/run_test.py" "/home/submarine/gridmap_ws/build/grid_map_costmap_2d/test_results/grid_map_costmap_2d/cppcheck.xunit.xml" "--package-name" "grid_map_costmap_2d" "--output-file" "/home/submarine/gridmap_ws/build/grid_map_costmap_2d/ament_cppcheck/cppcheck.txt" "--command" "/opt/ros/humble/bin/ament_cppcheck" "--xunit-file" "/home/submarine/gridmap_ws/build/grid_map_costmap_2d/test_results/grid_map_costmap_2d/cppcheck.xunit.xml" "--include_dirs" "/home/submarine/gridmap_ws/src/grid_map/grid_map_costmap_2d/include"</FullCommandLine>
			<Results>
				<NamedMeasurement type="numeric/double" name="Execution Time">
					<Value>0.244807</Value>
				</NamedMeasurement>
				<NamedMeasurement type="numeric/double" name="Processors">
					<Value>1</Value>
				</NamedMeasurement>
				<NamedMeasurement type="text/string" name="Completion Status">
					<Value>Completed</Value>
				</NamedMeasurement>
				<NamedMeasurement type="text/string" name="Command Line">
					<Value>/usr/bin/python3 "-u" "/opt/ros/humble/share/ament_cmake_test/cmake/run_test.py" "/home/submarine/gridmap_ws/build/grid_map_costmap_2d/test_results/grid_map_costmap_2d/cppcheck.xunit.xml" "--package-name" "grid_map_costmap_2d" "--output-file" "/home/submarine/gridmap_ws/build/grid_map_costmap_2d/ament_cppcheck/cppcheck.txt" "--command" "/opt/ros/humble/bin/ament_cppcheck" "--xunit-file" "/home/submarine/gridmap_ws/build/grid_map_costmap_2d/test_results/grid_map_costmap_2d/cppcheck.xunit.xml" "--include_dirs" "/home/submarine/gridmap_ws/src/grid_map/grid_map_costmap_2d/include"</Value>
				</NamedMeasurement>
				<NamedMeasurement type="text/string" name="Environment">
					<Value>#CTEST_RESOURCE_GROUP_COUNT=</Value>
				</NamedMeasurement>
				<Measurement>
					<Value>-- run_test.py: invoking following command in '/home/submarine/gridmap_ws/src/grid_map/grid_map_costmap_2d':
 - /opt/ros/humble/bin/ament_cppcheck --xunit-file /home/submarine/gridmap_ws/build/grid_map_costmap_2d/test_results/grid_map_costmap_2d/cppcheck.xunit.xml --include_dirs /home/submarine/gridmap_ws/src/grid_map/grid_map_costmap_2d/include
cppcheck 2.7 has known performance issues and therefore will not be used, set the AMENT_CPPCHECK_ALLOW_SLOW_VERSIONS environment variable to override this.
-- run_test.py: return code 0
-- run_test.py: verify result file '/home/submarine/gridmap_ws/build/grid_map_costmap_2d/test_results/grid_map_costmap_2d/cppcheck.xunit.xml'
</Value>
				</Measurement>
			</Results>
			<Labels>
				<Label>cppcheck</Label>
				<Label>linter</Label>
			</Labels>
		</Test>
		<Test Status="passed">
			<Name>lint_cmake</Name>
			<Path>.</Path>
			<FullName>./lint_cmake</FullName>
			<FullCommandLine>/usr/bin/python3 "-u" "/opt/ros/humble/share/ament_cmake_test/cmake/run_test.py" "/home/submarine/gridmap_ws/build/grid_map_costmap_2d/test_results/grid_map_costmap_2d/lint_cmake.xunit.xml" "--package-name" "grid_map_costmap_2d" "--output-file" "/home/submarine/gridmap_ws/build/grid_map_costmap_2d/ament_lint_cmake/lint_cmake.txt" "--command" "/opt/ros/humble/bin/ament_lint_cmake" "--xunit-file" "/home/submarine/gridmap_ws/build/grid_map_costmap_2d/test_results/grid_map_costmap_2d/lint_cmake.xunit.xml"</FullCommandLine>
			<Results>
				<NamedMeasurement type="numeric/double" name="Execution Time">
					<Value>0.218045</Value>
				</NamedMeasurement>
				<NamedMeasurement type="numeric/double" name="Processors">
					<Value>1</Value>
				</NamedMeasurement>
				<NamedMeasurement type="text/string" name="Completion Status">
					<Value>Completed</Value>
				</NamedMeasurement>
				<NamedMeasurement type="text/string" name="Command Line">
					<Value>/usr/bin/python3 "-u" "/opt/ros/humble/share/ament_cmake_test/cmake/run_test.py" "/home/submarine/gridmap_ws/build/grid_map_costmap_2d/test_results/grid_map_costmap_2d/lint_cmake.xunit.xml" "--package-name" "grid_map_costmap_2d" "--output-file" "/home/submarine/gridmap_ws/build/grid_map_costmap_2d/ament_lint_cmake/lint_cmake.txt" "--command" "/opt/ros/humble/bin/ament_lint_cmake" "--xunit-file" "/home/submarine/gridmap_ws/build/grid_map_costmap_2d/test_results/grid_map_costmap_2d/lint_cmake.xunit.xml"</Value>
				</NamedMeasurement>
				<NamedMeasurement type="text/string" name="Environment">
					<Value>#CTEST_RESOURCE_GROUP_COUNT=</Value>
				</NamedMeasurement>
				<Measurement>
					<Value>-- run_test.py: invoking following command in '/home/submarine/gridmap_ws/src/grid_map/grid_map_costmap_2d':
 - /opt/ros/humble/bin/ament_lint_cmake --xunit-file /home/submarine/gridmap_ws/build/grid_map_costmap_2d/test_results/grid_map_costmap_2d/lint_cmake.xunit.xml

No problems found
-- run_test.py: return code 0
-- run_test.py: verify result file '/home/submarine/gridmap_ws/build/grid_map_costmap_2d/test_results/grid_map_costmap_2d/lint_cmake.xunit.xml'
</Value>
				</Measurement>
			</Results>
			<Labels>
				<Label>lint_cmake</Label>
				<Label>linter</Label>
			</Labels>
		</Test>
		<Test Status="passed">
			<Name>uncrustify</Name>
			<Path>.</Path>
			<FullName>./uncrustify</FullName>
			<FullCommandLine>/usr/bin/python3 "-u" "/opt/ros/humble/share/ament_cmake_test/cmake/run_test.py" "/home/submarine/gridmap_ws/build/grid_map_costmap_2d/test_results/grid_map_costmap_2d/uncrustify.xunit.xml" "--package-name" "grid_map_costmap_2d" "--output-file" "/home/submarine/gridmap_ws/build/grid_map_costmap_2d/ament_uncrustify/uncrustify.txt" "--command" "/opt/ros/humble/bin/ament_uncrustify" "--xunit-file" "/home/submarine/gridmap_ws/build/grid_map_costmap_2d/test_results/grid_map_costmap_2d/uncrustify.xunit.xml"</FullCommandLine>
			<Results>
				<NamedMeasurement type="numeric/double" name="Execution Time">
					<Value>0.281626</Value>
				</NamedMeasurement>
				<NamedMeasurement type="numeric/double" name="Processors">
					<Value>1</Value>
				</NamedMeasurement>
				<NamedMeasurement type="text/string" name="Completion Status">
					<Value>Completed</Value>
				</NamedMeasurement>
				<NamedMeasurement type="text/string" name="Command Line">
					<Value>/usr/bin/python3 "-u" "/opt/ros/humble/share/ament_cmake_test/cmake/run_test.py" "/home/submarine/gridmap_ws/build/grid_map_costmap_2d/test_results/grid_map_costmap_2d/uncrustify.xunit.xml" "--package-name" "grid_map_costmap_2d" "--output-file" "/home/submarine/gridmap_ws/build/grid_map_costmap_2d/ament_uncrustify/uncrustify.txt" "--command" "/opt/ros/humble/bin/ament_uncrustify" "--xunit-file" "/home/submarine/gridmap_ws/build/grid_map_costmap_2d/test_results/grid_map_costmap_2d/uncrustify.xunit.xml"</Value>
				</NamedMeasurement>
				<NamedMeasurement type="text/string" name="Environment">
					<Value>#CTEST_RESOURCE_GROUP_COUNT=</Value>
				</NamedMeasurement>
				<Measurement>
					<Value>-- run_test.py: invoking following command in '/home/submarine/gridmap_ws/src/grid_map/grid_map_costmap_2d':
 - /opt/ros/humble/bin/ament_uncrustify --xunit-file /home/submarine/gridmap_ws/build/grid_map_costmap_2d/test_results/grid_map_costmap_2d/uncrustify.xunit.xml
No code style divergence in file 'include/grid_map_costmap_2d/costmap_2d_converter.hpp'

No code style divergence in file 'include/grid_map_costmap_2d/grid_map_costmap_2d.hpp'

No code style divergence in file 'test/test_costmap_2d_converter.cpp'

No code style divergence in file 'test/test_costmap_2d_ros.cpp'

No code style divergence in file 'test/test_costmap_2d_ros.hpp'

No code style divergence in file 'test/test_grid_map_costmap_2d.cpp'

No problems found
-- run_test.py: return code 0
-- run_test.py: verify result file '/home/submarine/gridmap_ws/build/grid_map_costmap_2d/test_results/grid_map_costmap_2d/uncrustify.xunit.xml'
</Value>
				</Measurement>
			</Results>
			<Labels>
				<Label>linter</Label>
				<Label>uncrustify</Label>
			</Labels>
		</Test>
		<Test Status="passed">
			<Name>xmllint</Name>
			<Path>.</Path>
			<FullName>./xmllint</FullName>
			<FullCommandLine>/usr/bin/python3 "-u" "/opt/ros/humble/share/ament_cmake_test/cmake/run_test.py" "/home/submarine/gridmap_ws/build/grid_map_costmap_2d/test_results/grid_map_costmap_2d/xmllint.xunit.xml" "--package-name" "grid_map_costmap_2d" "--output-file" "/home/submarine/gridmap_ws/build/grid_map_costmap_2d/ament_xmllint/xmllint.txt" "--command" "/opt/ros/humble/bin/ament_xmllint" "--xunit-file" "/home/submarine/gridmap_ws/build/grid_map_costmap_2d/test_results/grid_map_costmap_2d/xmllint.xunit.xml"</FullCommandLine>
			<Results>
				<NamedMeasurement type="numeric/double" name="Execution Time">
					<Value>0.319714</Value>
				</NamedMeasurement>
				<NamedMeasurement type="numeric/double" name="Processors">
					<Value>1</Value>
				</NamedMeasurement>
				<NamedMeasurement type="text/string" name="Completion Status">
					<Value>Completed</Value>
				</NamedMeasurement>
				<NamedMeasurement type="text/string" name="Command Line">
					<Value>/usr/bin/python3 "-u" "/opt/ros/humble/share/ament_cmake_test/cmake/run_test.py" "/home/submarine/gridmap_ws/build/grid_map_costmap_2d/test_results/grid_map_costmap_2d/xmllint.xunit.xml" "--package-name" "grid_map_costmap_2d" "--output-file" "/home/submarine/gridmap_ws/build/grid_map_costmap_2d/ament_xmllint/xmllint.txt" "--command" "/opt/ros/humble/bin/ament_xmllint" "--xunit-file" "/home/submarine/gridmap_ws/build/grid_map_costmap_2d/test_results/grid_map_costmap_2d/xmllint.xunit.xml"</Value>
				</NamedMeasurement>
				<NamedMeasurement type="text/string" name="Environment">
					<Value>#CTEST_RESOURCE_GROUP_COUNT=</Value>
				</NamedMeasurement>
				<Measurement>
					<Value>-- run_test.py: invoking following command in '/home/submarine/gridmap_ws/src/grid_map/grid_map_costmap_2d':
 - /opt/ros/humble/bin/ament_xmllint --xunit-file /home/submarine/gridmap_ws/build/grid_map_costmap_2d/test_results/grid_map_costmap_2d/xmllint.xunit.xml
File 'package.xml' is valid

No problems found
-- run_test.py: return code 0
-- run_test.py: verify result file '/home/submarine/gridmap_ws/build/grid_map_costmap_2d/test_results/grid_map_costmap_2d/xmllint.xunit.xml'
</Value>
				</Measurement>
			</Results>
			<Labels>
				<Label>linter</Label>
				<Label>xmllint</Label>
			</Labels>
		</Test>
		<Test Status="passed">
			<Name>grid_map_costmap_2d-test</Name>
			<Path>./test</Path>
			<FullName>./test/grid_map_costmap_2d-test</FullName>
			<FullCommandLine>/usr/bin/python3 "-u" "/opt/ros/humble/share/ament_cmake_test/cmake/run_test.py" "/home/submarine/gridmap_ws/build/grid_map_costmap_2d/test_results/grid_map_costmap_2d/grid_map_costmap_2d-test.gtest.xml" "--package-name" "grid_map_costmap_2d" "--output-file" "/home/submarine/gridmap_ws/build/grid_map_costmap_2d/ament_cmake_gtest/grid_map_costmap_2d-test.txt" "--command" "/home/submarine/gridmap_ws/build/grid_map_costmap_2d/test/grid_map_costmap_2d-test" "--gtest_output=xml:/home/submarine/gridmap_ws/build/grid_map_costmap_2d/test_results/grid_map_costmap_2d/grid_map_costmap_2d-test.gtest.xml"</FullCommandLine>
			<Results>
				<NamedMeasurement type="numeric/double" name="Execution Time">
					<Value>0.15613</Value>
				</NamedMeasurement>
				<NamedMeasurement type="numeric/double" name="Processors">
					<Value>1</Value>
				</NamedMeasurement>
				<NamedMeasurement type="text/string" name="Completion Status">
					<Value>Completed</Value>
				</NamedMeasurement>
				<NamedMeasurement type="text/string" name="Command Line">
					<Value>/usr/bin/python3 "-u" "/opt/ros/humble/share/ament_cmake_test/cmake/run_test.py" "/home/submarine/gridmap_ws/build/grid_map_costmap_2d/test_results/grid_map_costmap_2d/grid_map_costmap_2d-test.gtest.xml" "--package-name" "grid_map_costmap_2d" "--output-file" "/home/submarine/gridmap_ws/build/grid_map_costmap_2d/ament_cmake_gtest/grid_map_costmap_2d-test.txt" "--command" "/home/submarine/gridmap_ws/build/grid_map_costmap_2d/test/grid_map_costmap_2d-test" "--gtest_output=xml:/home/submarine/gridmap_ws/build/grid_map_costmap_2d/test_results/grid_map_costmap_2d/grid_map_costmap_2d-test.gtest.xml"</Value>
				</NamedMeasurement>
				<NamedMeasurement type="text/string" name="Environment">
					<Value>#CTEST_RESOURCE_GROUP_COUNT=</Value>
				</NamedMeasurement>
				<Measurement>
					<Value>-- run_test.py: invoking following command in '/home/submarine/gridmap_ws/build/grid_map_costmap_2d/test':
 - /home/submarine/gridmap_ws/build/grid_map_costmap_2d/test/grid_map_costmap_2d-test --gtest_output=xml:/home/submarine/gridmap_ws/build/grid_map_costmap_2d/test_results/grid_map_costmap_2d/grid_map_costmap_2d-test.gtest.xml
[==========] Running 16 tests from 4 test suites.
[----------] Global test environment set-up.
[----------] 4 tests from TestCostmap2DConversion/0, where TypeParam = grid_map::Costmap2DTranslationTable&lt;3l, 2l, 1l, 0l&gt;
[ RUN      ] TestCostmap2DConversion/0.initializeFromCostmap2d
[       OK ] TestCostmap2DConversion/0.initializeFromCostmap2d (1 ms)
[ RUN      ] TestCostmap2DConversion/0.initializeFromGridMap
[       OK ] TestCostmap2DConversion/0.initializeFromGridMap (0 ms)
[ RUN      ] TestCostmap2DConversion/0.addLayerFromCostmap2d
[       OK ] TestCostmap2DConversion/0.addLayerFromCostmap2d (0 ms)
[ RUN      ] TestCostmap2DConversion/0.setCostmap2DFromGridMap
[       OK ] TestCostmap2DConversion/0.setCostmap2DFromGridMap (0 ms)
[----------] 4 tests from TestCostmap2DConversion/0 (1 ms total)

[----------] 4 tests from TestCostmap2DConversion/1, where TypeParam = grid_map::Costmap2DTranslationTable&lt;5l, 500l, 400l, 100l&gt;
[ RUN      ] TestCostmap2DConversion/1.initializeFromCostmap2d
[       OK ] TestCostmap2DConversion/1.initializeFromCostmap2d (0 ms)
[ RUN      ] TestCostmap2DConversion/1.initializeFromGridMap
[       OK ] TestCostmap2DConversion/1.initializeFromGridMap (0 ms)
[ RUN      ] TestCostmap2DConversion/1.addLayerFromCostmap2d
[       OK ] TestCostmap2DConversion/1.addLayerFromCostmap2d (0 ms)
[ RUN      ] TestCostmap2DConversion/1.setCostmap2DFromGridMap
[       OK ] TestCostmap2DConversion/1.setCostmap2DFromGridMap (0 ms)
[----------] 4 tests from TestCostmap2DConversion/1 (0 ms total)

[----------] 4 tests from TestCostmap2DConversion/2, where TypeParam = grid_map::Costmap2DTranslationTable&lt;255l, 254l, 253l, 0l&gt;
[ RUN      ] TestCostmap2DConversion/2.initializeFromCostmap2d
[       OK ] TestCostmap2DConversion/2.initializeFromCostmap2d (0 ms)
[ RUN      ] TestCostmap2DConversion/2.initializeFromGridMap
[       OK ] TestCostmap2DConversion/2.initializeFromGridMap (0 ms)
[ RUN      ] TestCostmap2DConversion/2.addLayerFromCostmap2d
[       OK ] TestCostmap2DConversion/2.addLayerFromCostmap2d (0 ms)
[ RUN      ] TestCostmap2DConversion/2.setCostmap2DFromGridMap
[       OK ] TestCostmap2DConversion/2.setCostmap2DFromGridMap (0 ms)
[----------] 4 tests from TestCostmap2DConversion/2 (0 ms total)

[----------] 4 tests from TestCostmap2DConversion/3, where TypeParam = grid_map::Costmap2DTranslationTable&lt;-1l, 100l, 99l, 0l&gt;
[ RUN      ] TestCostmap2DConversion/3.initializeFromCostmap2d
[       OK ] TestCostmap2DConversion/3.initializeFromCostmap2d (0 ms)
[ RUN      ] TestCostmap2DConversion/3.initializeFromGridMap
[       OK ] TestCostmap2DConversion/3.initializeFromGridMap (0 ms)
[ RUN      ] TestCostmap2DConversion/3.addLayerFromCostmap2d
[       OK ] TestCostmap2DConversion/3.addLayerFromCostmap2d (0 ms)
[ RUN      ] TestCostmap2DConversion/3.setCostmap2DFromGridMap
[       OK ] TestCostmap2DConversion/3.setCostmap2DFromGridMap (0 ms)
[----------] 4 tests from TestCostmap2DConversion/3 (0 ms total)

[----------] Global test environment tear-down
[==========] 16 tests from 4 test suites ran. (1 ms total)
[  PASSED  ] 16 tests.
-- run_test.py: return code 0
-- run_test.py: inject classname prefix into gtest result file '/home/submarine/gridmap_ws/build/grid_map_costmap_2d/test_results/grid_map_costmap_2d/grid_map_costmap_2d-test.gtest.xml'
-- run_test.py: verify result file '/home/submarine/gridmap_ws/build/grid_map_costmap_2d/test_results/grid_map_costmap_2d/grid_map_costmap_2d-test.gtest.xml'
</Value>
				</Measurement>
			</Results>
			<Labels>
				<Label>gtest</Label>
			</Labels>
		</Test>
		<Test Status="passed">
			<Name>costmap-2d-ros-test</Name>
			<Path>./test</Path>
			<FullName>./test/costmap-2d-ros-test</FullName>
			<FullCommandLine>/usr/bin/python3 "-u" "/opt/ros/humble/share/ament_cmake_test/cmake/run_test.py" "/home/submarine/gridmap_ws/build/grid_map_costmap_2d/test_results/grid_map_costmap_2d/costmap-2d-ros-test.gtest.xml" "--package-name" "grid_map_costmap_2d" "--output-file" "/home/submarine/gridmap_ws/build/grid_map_costmap_2d/ament_cmake_gtest/costmap-2d-ros-test.txt" "--command" "/home/submarine/gridmap_ws/build/grid_map_costmap_2d/test/costmap-2d-ros-test" "--gtest_output=xml:/home/submarine/gridmap_ws/build/grid_map_costmap_2d/test_results/grid_map_costmap_2d/costmap-2d-ros-test.gtest.xml"</FullCommandLine>
			<Results>
				<NamedMeasurement type="numeric/double" name="Execution Time">
					<Value>3.76666</Value>
				</NamedMeasurement>
				<NamedMeasurement type="numeric/double" name="Processors">
					<Value>1</Value>
				</NamedMeasurement>
				<NamedMeasurement type="text/string" name="Completion Status">
					<Value>Completed</Value>
				</NamedMeasurement>
				<NamedMeasurement type="text/string" name="Command Line">
					<Value>/usr/bin/python3 "-u" "/opt/ros/humble/share/ament_cmake_test/cmake/run_test.py" "/home/submarine/gridmap_ws/build/grid_map_costmap_2d/test_results/grid_map_costmap_2d/costmap-2d-ros-test.gtest.xml" "--package-name" "grid_map_costmap_2d" "--output-file" "/home/submarine/gridmap_ws/build/grid_map_costmap_2d/ament_cmake_gtest/costmap-2d-ros-test.txt" "--command" "/home/submarine/gridmap_ws/build/grid_map_costmap_2d/test/costmap-2d-ros-test" "--gtest_output=xml:/home/submarine/gridmap_ws/build/grid_map_costmap_2d/test_results/grid_map_costmap_2d/costmap-2d-ros-test.gtest.xml"</Value>
				</NamedMeasurement>
				<NamedMeasurement type="text/string" name="Environment">
					<Value>#CTEST_RESOURCE_GROUP_COUNT=</Value>
				</NamedMeasurement>
				<Measurement>
					<Value>-- run_test.py: invoking following command in '/home/submarine/gridmap_ws/build/grid_map_costmap_2d/test':
 - /home/submarine/gridmap_ws/build/grid_map_costmap_2d/test/costmap-2d-ros-test --gtest_output=xml:/home/submarine/gridmap_ws/build/grid_map_costmap_2d/test_results/grid_map_costmap_2d/costmap-2d-ros-test.gtest.xml
[==========] Running 2 tests from 1 test suite.
[----------] Global test environment set-up.
[----------] 2 tests from Costmap2DROSConversion
[ RUN      ] Costmap2DROSConversion.full_window

[INFO] [1714776941.762900702] [test_from_ros_costmaps]: ***********************************************************
[INFO] [1714776941.763092295] [test_from_ros_costmaps]:                  Copy Full Window
[INFO] [1714776941.763107595] [test_from_ros_costmaps]: ***********************************************************
[INFO] [1714776941.773666470] [five_by_five.five_by_five]: 
	five_by_five lifecycle node launched. 
	Waiting on external lifecycle transitions to activate
	See https://design.ros2.org/articles/node_lifecycle.html for more information.
[INFO] [1714776941.777026115] [five_by_five.five_by_five]: Creating Costmap
[INFO] [1714776941.777663920] [five_by_five.five_by_five]: Configuring
[INFO] [1714776941.788962965] [five_by_five.five_by_five]: Activating
[INFO] [1714776941.789038616] [five_by_five.five_by_five]: Checking transform
[INFO] [1714776941.789075750] [five_by_five.five_by_five]: Timed out waiting for transform from base_link_5x5 to map to become available, tf error: Invalid frame ID "map" passed to canTransform argument target_frame - frame does not exist
[INFO] [1714776942.289607631] [five_by_five.five_by_five]: start
25 25 25 25 25 
50 50 50 50 50 
75 75 75 75 75 
101 101 101 101 101 
126 126 126 126 126 
-1 -1 -1 -1 -1 
100 100 100 100 100 
79 79 79 79 79 
69 69 69 69 69 
59 59 59 59 59 
Original cost: 254
New Cost: 100

[INFO] [1714776942.540007745] [five_by_five.five_by_five]: Deactivating
[INFO] [1714776942.689931913] [five_by_five.five_by_five]: Shutting down
[INFO] [1714776942.697609585] [five_by_five.five_by_five]: Destroying
[       OK ] Costmap2DROSConversion.full_window (941 ms)
[ RUN      ] Costmap2DROSConversion.cost_map_centres

[INFO] [1714776942.703222110] [test_from_ros_costmaps]: ***********************************************************
[INFO] [1714776942.703265937] [test_from_ros_costmaps]:                  Check Subwindow Centres
[INFO] [1714776942.703352029] [test_from_ros_costmaps]: ***********************************************************
[INFO] [1714776942.703366408] [test_from_ros_costmaps]: Subwindows are centred as closely as possible to the robot
[INFO] [1714776942.703378983] [test_from_ros_costmaps]: pose, though not exactly. They still need to align with
[INFO] [1714776942.703390516] [test_from_ros_costmaps]: the underlying ros costmap so that they don't introduce a
[INFO] [1714776942.703402761] [test_from_ros_costmaps]: new kind of error. As a result, the centre is shifted from
[INFO] [1714776942.703414574] [test_from_ros_costmaps]: the robot pose to the nearest appropriate point which aligns
[INFO] [1714776942.703427230] [test_from_ros_costmaps]: the new cost map exactly on top of the original ros costmap.

[INFO] [1714776942.709622750] [five_by_five_three_by_three_offset.five_by_five_three_by_three_offset]: 
	five_by_five_three_by_three_offset lifecycle node launched. 
	Waiting on external lifecycle transitions to activate
	See https://design.ros2.org/articles/node_lifecycle.html for more information.
[INFO] [1714776942.710946966] [five_by_five_three_by_three_offset.five_by_five_three_by_three_offset]: Creating Costmap
[INFO] [1714776942.711602225] [five_by_five_three_by_three_offset.five_by_five_three_by_three_offset]: Configuring
[INFO] [1714776942.715837017] [five_by_five_three_by_three_offset.five_by_five_three_by_three_offset]: Activating
[INFO] [1714776942.715897989] [five_by_five_three_by_three_offset.five_by_five_three_by_three_offset]: Checking transform
[INFO] [1714776942.715921556] [five_by_five_three_by_three_offset.five_by_five_three_by_three_offset]: Timed out waiting for transform from base_link_5x5_3x3_offset to map to become available, tf error: Invalid frame ID "map" passed to canTransform argument target_frame - frame does not exist
[INFO] [1714776943.216073584] [five_by_five_three_by_three_offset.five_by_five_three_by_three_offset]: start
[INFO] [1714776943.474032782] [five_by_five_three_by_three_centre.five_by_five_three_by_three_centre]: 
	five_by_five_three_by_three_centre lifecycle node launched. 
	Waiting on external lifecycle transitions to activate
	See https://design.ros2.org/articles/node_lifecycle.html for more information.
[INFO] [1714776943.475220605] [five_by_five_three_by_three_centre.five_by_five_three_by_three_centre]: Creating Costmap
[INFO] [1714776943.476134080] [five_by_five_three_by_three_centre.five_by_five_three_by_three_centre]: Configuring
[INFO] [1714776943.480651014] [five_by_five_three_by_three_centre.five_by_five_three_by_three_centre]: Activating
[INFO] [1714776943.480710392] [five_by_five_three_by_three_centre.five_by_five_three_by_three_centre]: Checking transform
[INFO] [1714776943.480727917] [five_by_five_three_by_three_centre.five_by_five_three_by_three_centre]: Timed out waiting for transform from base_link_5x5_3x3_centre to map to become available, tf error: Invalid frame ID "map" passed to canTransform argument target_frame - frame does not exist
[INFO] [1714776943.980951870] [five_by_five_three_by_three_centre.five_by_five_three_by_three_centre]: start
[INFO] [1714776944.243207173] [five_by_five_twohalf_by_twohalf_offset.five_by_five_twohalf_by_twohalf_offset]: 
	five_by_five_twohalf_by_twohalf_offset lifecycle node launched. 
	Waiting on external lifecycle transitions to activate
	See https://design.ros2.org/articles/node_lifecycle.html for more information.
[INFO] [1714776944.244742780] [five_by_five_twohalf_by_twohalf_offset.five_by_five_twohalf_by_twohalf_offset]: Creating Costmap
[INFO] [1714776944.246073547] [five_by_five_twohalf_by_twohalf_offset.five_by_five_twohalf_by_twohalf_offset]: Configuring
[INFO] [1714776944.253113457] [five_by_five_twohalf_by_twohalf_offset.five_by_five_twohalf_by_twohalf_offset]: Activating
[INFO] [1714776944.253163808] [five_by_five_twohalf_by_twohalf_offset.five_by_five_twohalf_by_twohalf_offset]: Checking transform
[INFO] [1714776944.253182746] [five_by_five_twohalf_by_twohalf_offset.five_by_five_twohalf_by_twohalf_offset]: Timed out waiting for transform from base_link_5x5_2_5x2_5_offset to map to become available, tf error: Invalid frame ID "map" passed to canTransform argument target_frame - frame does not exist
[INFO] [1714776944.753384333] [five_by_five_twohalf_by_twohalf_offset.five_by_five_twohalf_by_twohalf_offset]: start
[INFO] [1714776945.003762521] [test_from_ros_costmaps]:   grid_map_5x5_3x3_offset : -3.5  2.5
[INFO] [1714776945.003839925] [test_from_ros_costmaps]:   grid_map_5x5_3x3_offset : -3.5 -3.5
[INFO] [1714776945.003890146] [test_from_ros_costmaps]:   grid_map_5x5_3x3_offset : -9.75  2.25

[INFO] [1714776945.003954574] [five_by_five_twohalf_by_twohalf_offset.five_by_five_twohalf_by_twohalf_offset]: Deactivating
[INFO] [1714776945.153603659] [five_by_five_twohalf_by_twohalf_offset.five_by_five_twohalf_by_twohalf_offset]: Shutting down
[INFO] [1714776945.163816370] [five_by_five_twohalf_by_twohalf_offset.five_by_five_twohalf_by_twohalf_offset]: Destroying
[INFO] [1714776945.173202560] [five_by_five_three_by_three_centre.five_by_five_three_by_three_centre]: Deactivating
[INFO] [1714776945.181236000] [five_by_five_three_by_three_centre.five_by_five_three_by_three_centre]: Shutting down
[INFO] [1714776945.189426123] [five_by_five_three_by_three_centre.five_by_five_three_by_three_centre]: Destroying
[INFO] [1714776945.195493998] [five_by_five_three_by_three_offset.five_by_five_three_by_three_offset]: Deactivating
[INFO] [1714776945.216419429] [five_by_five_three_by_three_offset.five_by_five_three_by_three_offset]: Shutting down
[INFO] [1714776945.222599908] [five_by_five_three_by_three_offset.five_by_five_three_by_three_offset]: Destroying
[       OK ] Costmap2DROSConversion.cost_map_centres (2523 ms)
[----------] 2 tests from Costmap2DROSConversion (3464 ms total)

[----------] Global test environment tear-down
[==========] 2 tests from 1 test suite ran. (3464 ms total)
[  PASSED  ] 2 tests.
[INFO] [1714776945.226621639] [test_from_ros_costmaps]: gtest return value: 0
-- run_test.py: return code 0
-- run_test.py: inject classname prefix into gtest result file '/home/submarine/gridmap_ws/build/grid_map_costmap_2d/test_results/grid_map_costmap_2d/costmap-2d-ros-test.gtest.xml'
-- run_test.py: verify result file '/home/submarine/gridmap_ws/build/grid_map_costmap_2d/test_results/grid_map_costmap_2d/costmap-2d-ros-test.gtest.xml'
</Value>
				</Measurement>
			</Results>
			<Labels>
				<Label>gtest</Label>
			</Labels>
		</Test>
		<EndDateTime>May 03 16:55 MDT</EndDateTime>
		<EndTestTime>1714776945</EndTestTime>
		<ElapsedMinutes>0</ElapsedMinutes>
	</Testing>
</Site>
