<?xml version="1.0" encoding="UTF-8"?>
<testsuites tests="10" failures="0" disabled="0" errors="0" time="149.874" timestamp="2024-05-03T16:55:45" name="AllTests">
  <testsuite name="GridMapPclLoaderTest" tests="8" failures="0" disabled="0" errors="0" time="140.631" timestamp="2024-05-03T16:55:45">
    <testcase name="FlatGroundRealDataset" status="run" result="completed" time="0.271" timestamp="2024-05-03T16:55:45" classname="grid_map_pcl.GridMapPclLoaderTest" />
    <testcase name="PerfectPlane" status="run" result="completed" time="3.529" timestamp="2024-05-03T16:55:45" classname="grid_map_pcl.GridMapPclLoaderTest" />
    <testcase name="NoisyPlane" status="run" result="completed" time="57.162" timestamp="2024-05-03T16:55:49" classname="grid_map_pcl.GridMapPclLoaderTest" />
    <testcase name="NoisyDoublePlane" status="run" result="completed" time="12.411" timestamp="2024-05-03T16:56:46" classname="grid_map_pcl.GridMapPclLoaderTest" />
    <testcase name="InitializeGeometry" status="run" result="completed" time="0.552" timestamp="2024-05-03T16:56:58" classname="grid_map_pcl.GridMapPclLoaderTest" />
    <testcase name="NoisyStepTerrain" status="run" result="completed" time="50.028" timestamp="2024-05-03T16:56:59" classname="grid_map_pcl.GridMapPclLoaderTest" />
    <testcase name="CalculateElevation" status="run" result="completed" time="8.598" timestamp="2024-05-03T16:57:49" classname="grid_map_pcl.GridMapPclLoaderTest" />
    <testcase name="SavePointclouds" status="run" result="completed" time="8.08" timestamp="2024-05-03T16:57:57" classname="grid_map_pcl.GridMapPclLoaderTest" />
  </testsuite>
  <testsuite name="HelpersTest" tests="1" failures="0" disabled="0" errors="0" time="0.011" timestamp="2024-05-03T16:58:05">
    <testcase name="MeanPositionTest" status="run" result="completed" time="0.011" timestamp="2024-05-03T16:58:05" classname="grid_map_pcl.HelpersTest" />
  </testsuite>
  <testsuite name="PointcloudProcessorTest" tests="1" failures="0" disabled="0" errors="0" time="9.232" timestamp="2024-05-03T16:58:05">
    <testcase name="ExtractClusters" status="run" result="completed" time="9.232" timestamp="2024-05-03T16:58:05" classname="grid_map_pcl.PointcloudProcessorTest" />
  </testsuite>
</testsuites>
