Start testing: May 03 16:55 MDT
----------------------------------------------------------
1/6 Testing: cpplint
1/6 Test: cpplint
Command: "/usr/bin/python3" "-u" "/opt/ros/humble/share/ament_cmake_test/cmake/run_test.py" "/home/submarine/gridmap_ws/build/grid_map_cv/test_results/grid_map_cv/cpplint.xunit.xml" "--package-name" "grid_map_cv" "--output-file" "/home/submarine/gridmap_ws/build/grid_map_cv/ament_cpplint/cpplint.txt" "--command" "/opt/ros/humble/bin/ament_cpplint" "--xunit-file" "/home/submarine/gridmap_ws/build/grid_map_cv/test_results/grid_map_cv/cpplint.xunit.xml" "--filters=-legal/copyright,-build/include_order"
Directory: /home/submarine/gridmap_ws/src/grid_map/grid_map_cv
"cpplint" start time: May 03 16:55 MDT
Output:
----------------------------------------------------------
-- run_test.py: invoking following command in '/home/submarine/gridmap_ws/src/grid_map/grid_map_cv':
 - /opt/ros/humble/bin/ament_cpplint --xunit-file /home/submarine/gridmap_ws/build/grid_map_cv/test_results/grid_map_cv/cpplint.xunit.xml --filters=-legal/copyright,-build/include_order
Using '--root=/home/submarine/gridmap_ws/src/grid_map/grid_map_cv/include' argument

Done processing /home/submarine/gridmap_ws/src/grid_map/grid_map_cv/include/grid_map_cv/GridMapCvConverter.hpp

Done processing /home/submarine/gridmap_ws/src/grid_map/grid_map_cv/include/grid_map_cv/GridMapCvProcessing.hpp

Done processing /home/submarine/gridmap_ws/src/grid_map/grid_map_cv/include/grid_map_cv/InpaintFilter.hpp

Done processing /home/submarine/gridmap_ws/src/grid_map/grid_map_cv/include/grid_map_cv/grid_map_cv.hpp

Done processing /home/submarine/gridmap_ws/src/grid_map/grid_map_cv/include/grid_map_cv/utilities.hpp

Using '--root=/home/submarine/gridmap_ws/src/grid_map/grid_map_cv/src' argument

Done processing /home/submarine/gridmap_ws/src/grid_map/grid_map_cv/src/GridMapCvProcessing.cpp

Done processing /home/submarine/gridmap_ws/src/grid_map/grid_map_cv/src/InpaintFilter.cpp

Using '--root=/home/submarine/gridmap_ws/src/grid_map/grid_map_cv/test' argument

Done processing /home/submarine/gridmap_ws/src/grid_map/grid_map_cv/test/GridMapCvProcessingTest.cpp

Done processing /home/submarine/gridmap_ws/src/grid_map/grid_map_cv/test/GridMapCvTest.cpp

Done processing /home/submarine/gridmap_ws/src/grid_map/grid_map_cv/test/test_grid_map_cv.cpp

No problems found
-- run_test.py: return code 0
-- run_test.py: verify result file '/home/submarine/gridmap_ws/build/grid_map_cv/test_results/grid_map_cv/cpplint.xunit.xml'
<end of output>
Test time =   0.59 sec
----------------------------------------------------------
Test Passed.
"cpplint" end time: May 03 16:55 MDT
"cpplint" time elapsed: 00:00:00
----------------------------------------------------------

2/6 Testing: grid_map_cv-test
2/6 Test: grid_map_cv-test
Command: "/usr/bin/python3" "-u" "/opt/ros/humble/share/ament_cmake_test/cmake/run_test.py" "/home/submarine/gridmap_ws/build/grid_map_cv/test_results/grid_map_cv/grid_map_cv-test.gtest.xml" "--package-name" "grid_map_cv" "--output-file" "/home/submarine/gridmap_ws/build/grid_map_cv/ament_cmake_gtest/grid_map_cv-test.txt" "--command" "/home/submarine/gridmap_ws/build/grid_map_cv/grid_map_cv-test" "--gtest_output=xml:/home/submarine/gridmap_ws/build/grid_map_cv/test_results/grid_map_cv/grid_map_cv-test.gtest.xml"
Directory: /home/submarine/gridmap_ws/build/grid_map_cv
"grid_map_cv-test" start time: May 03 16:55 MDT
Output:
----------------------------------------------------------
-- run_test.py: invoking following command in '/home/submarine/gridmap_ws/build/grid_map_cv':
 - /home/submarine/gridmap_ws/build/grid_map_cv/grid_map_cv-test --gtest_output=xml:/home/submarine/gridmap_ws/build/grid_map_cv/test_results/grid_map_cv/grid_map_cv-test.gtest.xml
[==========] Running 6 tests from 2 test suites.
[----------] Global test environment set-up.
[----------] 4 tests from ImageConversion
[ RUN      ] ImageConversion.roundTrip8UC3
[       OK ] ImageConversion.roundTrip8UC3 (6 ms)
[ RUN      ] ImageConversion.roundTrip8UC4
[       OK ] ImageConversion.roundTrip8UC4 (0 ms)
[ RUN      ] ImageConversion.roundTrip16UC1
[       OK ] ImageConversion.roundTrip16UC1 (2 ms)
[ RUN      ] ImageConversion.roundTrip32FC1
[       OK ] ImageConversion.roundTrip32FC1 (2 ms)
[----------] 4 tests from ImageConversion (11 ms total)

[----------] 2 tests from GridMapCvProcessing
[ RUN      ] GridMapCvProcessing.changeResolution
[       OK ] GridMapCvProcessing.changeResolution (1 ms)
[ RUN      ] GridMapCvProcessing.changeResolutionForMovedMap
[       OK ] GridMapCvProcessing.changeResolutionForMovedMap (1 ms)
[----------] 2 tests from GridMapCvProcessing (2 ms total)

[----------] Global test environment tear-down
[==========] 6 tests from 2 test suites ran. (13 ms total)
[  PASSED  ] 6 tests.
-- run_test.py: return code 0
-- run_test.py: inject classname prefix into gtest result file '/home/submarine/gridmap_ws/build/grid_map_cv/test_results/grid_map_cv/grid_map_cv-test.gtest.xml'
-- run_test.py: verify result file '/home/submarine/gridmap_ws/build/grid_map_cv/test_results/grid_map_cv/grid_map_cv-test.gtest.xml'
<end of output>
Test time =   0.15 sec
----------------------------------------------------------
Test Passed.
"grid_map_cv-test" end time: May 03 16:55 MDT
"grid_map_cv-test" time elapsed: 00:00:00
----------------------------------------------------------

3/6 Testing: cppcheck
3/6 Test: cppcheck
Command: "/usr/bin/python3" "-u" "/opt/ros/humble/share/ament_cmake_test/cmake/run_test.py" "/home/submarine/gridmap_ws/build/grid_map_cv/test_results/grid_map_cv/cppcheck.xunit.xml" "--package-name" "grid_map_cv" "--output-file" "/home/submarine/gridmap_ws/build/grid_map_cv/ament_cppcheck/cppcheck.txt" "--command" "/opt/ros/humble/bin/ament_cppcheck" "--xunit-file" "/home/submarine/gridmap_ws/build/grid_map_cv/test_results/grid_map_cv/cppcheck.xunit.xml" "--include_dirs" "/home/submarine/gridmap_ws/src/grid_map/grid_map_cv/include"
Directory: /home/submarine/gridmap_ws/src/grid_map/grid_map_cv
"cppcheck" start time: May 03 16:55 MDT
Output:
----------------------------------------------------------
-- run_test.py: invoking following command in '/home/submarine/gridmap_ws/src/grid_map/grid_map_cv':
 - /opt/ros/humble/bin/ament_cppcheck --xunit-file /home/submarine/gridmap_ws/build/grid_map_cv/test_results/grid_map_cv/cppcheck.xunit.xml --include_dirs /home/submarine/gridmap_ws/src/grid_map/grid_map_cv/include
cppcheck 2.7 has known performance issues and therefore will not be used, set the AMENT_CPPCHECK_ALLOW_SLOW_VERSIONS environment variable to override this.
-- run_test.py: return code 0
-- run_test.py: verify result file '/home/submarine/gridmap_ws/build/grid_map_cv/test_results/grid_map_cv/cppcheck.xunit.xml'
<end of output>
Test time =   0.24 sec
----------------------------------------------------------
Test Passed.
"cppcheck" end time: May 03 16:55 MDT
"cppcheck" time elapsed: 00:00:00
----------------------------------------------------------

4/6 Testing: lint_cmake
4/6 Test: lint_cmake
Command: "/usr/bin/python3" "-u" "/opt/ros/humble/share/ament_cmake_test/cmake/run_test.py" "/home/submarine/gridmap_ws/build/grid_map_cv/test_results/grid_map_cv/lint_cmake.xunit.xml" "--package-name" "grid_map_cv" "--output-file" "/home/submarine/gridmap_ws/build/grid_map_cv/ament_lint_cmake/lint_cmake.txt" "--command" "/opt/ros/humble/bin/ament_lint_cmake" "--xunit-file" "/home/submarine/gridmap_ws/build/grid_map_cv/test_results/grid_map_cv/lint_cmake.xunit.xml"
Directory: /home/submarine/gridmap_ws/src/grid_map/grid_map_cv
"lint_cmake" start time: May 03 16:55 MDT
Output:
----------------------------------------------------------
-- run_test.py: invoking following command in '/home/submarine/gridmap_ws/src/grid_map/grid_map_cv':
 - /opt/ros/humble/bin/ament_lint_cmake --xunit-file /home/submarine/gridmap_ws/build/grid_map_cv/test_results/grid_map_cv/lint_cmake.xunit.xml

No problems found
-- run_test.py: return code 0
-- run_test.py: verify result file '/home/submarine/gridmap_ws/build/grid_map_cv/test_results/grid_map_cv/lint_cmake.xunit.xml'
<end of output>
Test time =   0.24 sec
----------------------------------------------------------
Test Passed.
"lint_cmake" end time: May 03 16:55 MDT
"lint_cmake" time elapsed: 00:00:00
----------------------------------------------------------

5/6 Testing: uncrustify
5/6 Test: uncrustify
Command: "/usr/bin/python3" "-u" "/opt/ros/humble/share/ament_cmake_test/cmake/run_test.py" "/home/submarine/gridmap_ws/build/grid_map_cv/test_results/grid_map_cv/uncrustify.xunit.xml" "--package-name" "grid_map_cv" "--output-file" "/home/submarine/gridmap_ws/build/grid_map_cv/ament_uncrustify/uncrustify.txt" "--command" "/opt/ros/humble/bin/ament_uncrustify" "--xunit-file" "/home/submarine/gridmap_ws/build/grid_map_cv/test_results/grid_map_cv/uncrustify.xunit.xml"
Directory: /home/submarine/gridmap_ws/src/grid_map/grid_map_cv
"uncrustify" start time: May 03 16:55 MDT
Output:
----------------------------------------------------------
-- run_test.py: invoking following command in '/home/submarine/gridmap_ws/src/grid_map/grid_map_cv':
 - /opt/ros/humble/bin/ament_uncrustify --xunit-file /home/submarine/gridmap_ws/build/grid_map_cv/test_results/grid_map_cv/uncrustify.xunit.xml
No code style divergence in file 'include/grid_map_cv/GridMapCvConverter.hpp'

No code style divergence in file 'include/grid_map_cv/GridMapCvProcessing.hpp'

No code style divergence in file 'include/grid_map_cv/InpaintFilter.hpp'

No code style divergence in file 'include/grid_map_cv/grid_map_cv.hpp'

No code style divergence in file 'include/grid_map_cv/utilities.hpp'

No code style divergence in file 'src/GridMapCvProcessing.cpp'

No code style divergence in file 'src/InpaintFilter.cpp'

No code style divergence in file 'test/GridMapCvProcessingTest.cpp'

No code style divergence in file 'test/GridMapCvTest.cpp'

No code style divergence in file 'test/test_grid_map_cv.cpp'

No problems found
-- run_test.py: return code 0
-- run_test.py: verify result file '/home/submarine/gridmap_ws/build/grid_map_cv/test_results/grid_map_cv/uncrustify.xunit.xml'
<end of output>
Test time =   0.31 sec
----------------------------------------------------------
Test Passed.
"uncrustify" end time: May 03 16:55 MDT
"uncrustify" time elapsed: 00:00:00
----------------------------------------------------------

6/6 Testing: xmllint
6/6 Test: xmllint
Command: "/usr/bin/python3" "-u" "/opt/ros/humble/share/ament_cmake_test/cmake/run_test.py" "/home/submarine/gridmap_ws/build/grid_map_cv/test_results/grid_map_cv/xmllint.xunit.xml" "--package-name" "grid_map_cv" "--output-file" "/home/submarine/gridmap_ws/build/grid_map_cv/ament_xmllint/xmllint.txt" "--command" "/opt/ros/humble/bin/ament_xmllint" "--xunit-file" "/home/submarine/gridmap_ws/build/grid_map_cv/test_results/grid_map_cv/xmllint.xunit.xml"
Directory: /home/submarine/gridmap_ws/src/grid_map/grid_map_cv
"xmllint" start time: May 03 16:55 MDT
Output:
----------------------------------------------------------
-- run_test.py: invoking following command in '/home/submarine/gridmap_ws/src/grid_map/grid_map_cv':
 - /opt/ros/humble/bin/ament_xmllint --xunit-file /home/submarine/gridmap_ws/build/grid_map_cv/test_results/grid_map_cv/xmllint.xunit.xml
File 'filter_plugins.xml' is valid

File 'package.xml' is valid

No problems found
-- run_test.py: return code 0
-- run_test.py: verify result file '/home/submarine/gridmap_ws/build/grid_map_cv/test_results/grid_map_cv/xmllint.xunit.xml'
<end of output>
Test time =   0.26 sec
----------------------------------------------------------
Test Passed.
"xmllint" end time: May 03 16:55 MDT
"xmllint" time elapsed: 00:00:00
----------------------------------------------------------

End testing: May 03 16:55 MDT

cppcheck =   0.24 sec*proc

cpplint =   0.59 sec*proc

gtest =   0.15 sec*proc

lint_cmake =   0.24 sec*proc

linter =   1.64 sec*proc

uncrustify =   0.31 sec*proc

xmllint =   0.26 sec*proc

