Start testing: May 03 16:55 MDT
----------------------------------------------------------
1/6 Testing: cpplint
1/6 Test: cpplint
Command: "/usr/bin/python3" "-u" "/opt/ros/humble/share/ament_cmake_test/cmake/run_test.py" "/home/submarine/gridmap_ws/build/grid_map_ros/test_results/grid_map_ros/cpplint.xunit.xml" "--package-name" "grid_map_ros" "--output-file" "/home/submarine/gridmap_ws/build/grid_map_ros/ament_cpplint/cpplint.txt" "--command" "/opt/ros/humble/bin/ament_cpplint" "--xunit-file" "/home/submarine/gridmap_ws/build/grid_map_ros/test_results/grid_map_ros/cpplint.xunit.xml" "--filters=-legal/copyright,-build/include_order"
Directory: /home/submarine/gridmap_ws/src/grid_map/grid_map_ros
"cpplint" start time: May 03 16:55 MDT
Output:
----------------------------------------------------------
-- run_test.py: invoking following command in '/home/submarine/gridmap_ws/src/grid_map/grid_map_ros':
 - /opt/ros/humble/bin/ament_cpplint --xunit-file /home/submarine/gridmap_ws/build/grid_map_ros/test_results/grid_map_ros/cpplint.xunit.xml --filters=-legal/copyright,-build/include_order
Using '--root=/home/submarine/gridmap_ws/src/grid_map/grid_map_ros/include' argument

Done processing /home/submarine/gridmap_ws/src/grid_map/grid_map_ros/include/grid_map_ros/GridMapMsgHelpers.hpp

Done processing /home/submarine/gridmap_ws/src/grid_map/grid_map_ros/include/grid_map_ros/GridMapRosConverter.hpp

Done processing /home/submarine/gridmap_ws/src/grid_map/grid_map_ros/include/grid_map_ros/PolygonRosConverter.hpp

Done processing /home/submarine/gridmap_ws/src/grid_map/grid_map_ros/include/grid_map_ros/grid_map_ros.hpp

Done processing /home/submarine/gridmap_ws/src/grid_map/grid_map_ros/include/grid_map_ros/message_traits.hpp

Using '--root=/home/submarine/gridmap_ws/src/grid_map/grid_map_ros/src' argument

Done processing /home/submarine/gridmap_ws/src/grid_map/grid_map_ros/src/GridMapMsgHelpers.cpp

Done processing /home/submarine/gridmap_ws/src/grid_map/grid_map_ros/src/GridMapRosConverter.cpp

Done processing /home/submarine/gridmap_ws/src/grid_map/grid_map_ros/src/PolygonRosConverter.cpp

Using '--root=/home/submarine/gridmap_ws/src/grid_map/grid_map_ros/test' argument

Done processing /home/submarine/gridmap_ws/src/grid_map/grid_map_ros/test/GridMapRosTest.cpp

Done processing /home/submarine/gridmap_ws/src/grid_map/grid_map_ros/test/test_grid_map_ros.cpp

No problems found
-- run_test.py: return code 0
-- run_test.py: verify result file '/home/submarine/gridmap_ws/build/grid_map_ros/test_results/grid_map_ros/cpplint.xunit.xml'
<end of output>
Test time =   0.76 sec
----------------------------------------------------------
Test Passed.
"cpplint" end time: May 03 16:55 MDT
"cpplint" time elapsed: 00:00:00
----------------------------------------------------------

2/6 Testing: grid_map_ros-test
2/6 Test: grid_map_ros-test
Command: "/usr/bin/python3" "-u" "/opt/ros/humble/share/ament_cmake_test/cmake/run_test.py" "/home/submarine/gridmap_ws/build/grid_map_ros/test_results/grid_map_ros/grid_map_ros-test.gtest.xml" "--package-name" "grid_map_ros" "--output-file" "/home/submarine/gridmap_ws/build/grid_map_ros/ament_cmake_gtest/grid_map_ros-test.txt" "--command" "/home/submarine/gridmap_ws/build/grid_map_ros/grid_map_ros-test" "--gtest_output=xml:/home/submarine/gridmap_ws/build/grid_map_ros/test_results/grid_map_ros/grid_map_ros-test.gtest.xml"
Directory: /home/submarine/gridmap_ws/build/grid_map_ros
"grid_map_ros-test" start time: May 03 16:55 MDT
Output:
----------------------------------------------------------
-- run_test.py: invoking following command in '/home/submarine/gridmap_ws/build/grid_map_ros':
 - /home/submarine/gridmap_ws/build/grid_map_ros/grid_map_ros-test --gtest_output=xml:/home/submarine/gridmap_ws/build/grid_map_ros/test_results/grid_map_ros/grid_map_ros-test.gtest.xml
[==========] Running 9 tests from 5 test suites.
[----------] Global test environment set-up.
[----------] 1 test from RosMessageConversion
[ RUN      ] RosMessageConversion.roundTrip
[       OK ] RosMessageConversion.roundTrip (0 ms)
[----------] 1 test from RosMessageConversion (0 ms total)

[----------] 2 tests from RosbagHandling
[ RUN      ] RosbagHandling.saveLoad
[INFO] [1714776942.595402579] [rosbag2_storage]: Opened database 'test.bag/test.bag_0.db3' for READ_WRITE.
[INFO] [1714776942.601368220] [rosbag2_storage]: Opened database 'test.bag/test.bag_0.db3' for READ_ONLY.
[       OK ] RosbagHandling.saveLoad (30 ms)
[ RUN      ] RosbagHandling.saveLoadWithTime
[INFO] [1714776942.606985865] [rosbag2_storage]: Opened database 'test.bag/test.bag_0.db3' for READ_WRITE.
[INFO] [1714776942.612207499] [rosbag2_storage]: Opened database 'test.bag/test.bag_0.db3' for READ_ONLY.
[       OK ] RosbagHandling.saveLoadWithTime (10 ms)
[----------] 2 tests from RosbagHandling (40 ms total)

[----------] 2 tests from OccupancyGridConversion
[ RUN      ] OccupancyGridConversion.withMove
[       OK ] OccupancyGridConversion.withMove (0 ms)
[ RUN      ] OccupancyGridConversion.roundTrip
[       OK ] OccupancyGridConversion.roundTrip (1 ms)
[----------] 2 tests from OccupancyGridConversion (1 ms total)

[----------] 2 tests from CostmapConversion
[ RUN      ] CostmapConversion.withMove
[       OK ] CostmapConversion.withMove (0 ms)
[ RUN      ] CostmapConversion.roundTrip
[       OK ] CostmapConversion.roundTrip (0 ms)
[----------] 2 tests from CostmapConversion (0 ms total)

[----------] 2 tests from ImageConversion
[ RUN      ] ImageConversion.roundTripBGRA8
[       OK ] ImageConversion.roundTripBGRA8 (2 ms)
[ RUN      ] ImageConversion.roundTripMONO16
[       OK ] ImageConversion.roundTripMONO16 (2 ms)
[----------] 2 tests from ImageConversion (4 ms total)

[----------] Global test environment tear-down
[==========] 9 tests from 5 test suites ran. (45 ms total)
[  PASSED  ] 9 tests.
-- run_test.py: return code 0
-- run_test.py: inject classname prefix into gtest result file '/home/submarine/gridmap_ws/build/grid_map_ros/test_results/grid_map_ros/grid_map_ros-test.gtest.xml'
-- run_test.py: verify result file '/home/submarine/gridmap_ws/build/grid_map_ros/test_results/grid_map_ros/grid_map_ros-test.gtest.xml'
<end of output>
Test time =   0.26 sec
----------------------------------------------------------
Test Passed.
"grid_map_ros-test" end time: May 03 16:55 MDT
"grid_map_ros-test" time elapsed: 00:00:00
----------------------------------------------------------

3/6 Testing: cppcheck
3/6 Test: cppcheck
Command: "/usr/bin/python3" "-u" "/opt/ros/humble/share/ament_cmake_test/cmake/run_test.py" "/home/submarine/gridmap_ws/build/grid_map_ros/test_results/grid_map_ros/cppcheck.xunit.xml" "--package-name" "grid_map_ros" "--output-file" "/home/submarine/gridmap_ws/build/grid_map_ros/ament_cppcheck/cppcheck.txt" "--command" "/opt/ros/humble/bin/ament_cppcheck" "--xunit-file" "/home/submarine/gridmap_ws/build/grid_map_ros/test_results/grid_map_ros/cppcheck.xunit.xml" "--include_dirs" "/home/submarine/gridmap_ws/src/grid_map/grid_map_ros/include"
Directory: /home/submarine/gridmap_ws/src/grid_map/grid_map_ros
"cppcheck" start time: May 03 16:55 MDT
Output:
----------------------------------------------------------
-- run_test.py: invoking following command in '/home/submarine/gridmap_ws/src/grid_map/grid_map_ros':
 - /opt/ros/humble/bin/ament_cppcheck --xunit-file /home/submarine/gridmap_ws/build/grid_map_ros/test_results/grid_map_ros/cppcheck.xunit.xml --include_dirs /home/submarine/gridmap_ws/src/grid_map/grid_map_ros/include
cppcheck 2.7 has known performance issues and therefore will not be used, set the AMENT_CPPCHECK_ALLOW_SLOW_VERSIONS environment variable to override this.
-- run_test.py: return code 0
-- run_test.py: verify result file '/home/submarine/gridmap_ws/build/grid_map_ros/test_results/grid_map_ros/cppcheck.xunit.xml'
<end of output>
Test time =   0.21 sec
----------------------------------------------------------
Test Passed.
"cppcheck" end time: May 03 16:55 MDT
"cppcheck" time elapsed: 00:00:00
----------------------------------------------------------

4/6 Testing: lint_cmake
4/6 Test: lint_cmake
Command: "/usr/bin/python3" "-u" "/opt/ros/humble/share/ament_cmake_test/cmake/run_test.py" "/home/submarine/gridmap_ws/build/grid_map_ros/test_results/grid_map_ros/lint_cmake.xunit.xml" "--package-name" "grid_map_ros" "--output-file" "/home/submarine/gridmap_ws/build/grid_map_ros/ament_lint_cmake/lint_cmake.txt" "--command" "/opt/ros/humble/bin/ament_lint_cmake" "--xunit-file" "/home/submarine/gridmap_ws/build/grid_map_ros/test_results/grid_map_ros/lint_cmake.xunit.xml"
Directory: /home/submarine/gridmap_ws/src/grid_map/grid_map_ros
"lint_cmake" start time: May 03 16:55 MDT
Output:
----------------------------------------------------------
-- run_test.py: invoking following command in '/home/submarine/gridmap_ws/src/grid_map/grid_map_ros':
 - /opt/ros/humble/bin/ament_lint_cmake --xunit-file /home/submarine/gridmap_ws/build/grid_map_ros/test_results/grid_map_ros/lint_cmake.xunit.xml

No problems found
-- run_test.py: return code 0
-- run_test.py: verify result file '/home/submarine/gridmap_ws/build/grid_map_ros/test_results/grid_map_ros/lint_cmake.xunit.xml'
<end of output>
Test time =   0.18 sec
----------------------------------------------------------
Test Passed.
"lint_cmake" end time: May 03 16:55 MDT
"lint_cmake" time elapsed: 00:00:00
----------------------------------------------------------

5/6 Testing: uncrustify
5/6 Test: uncrustify
Command: "/usr/bin/python3" "-u" "/opt/ros/humble/share/ament_cmake_test/cmake/run_test.py" "/home/submarine/gridmap_ws/build/grid_map_ros/test_results/grid_map_ros/uncrustify.xunit.xml" "--package-name" "grid_map_ros" "--output-file" "/home/submarine/gridmap_ws/build/grid_map_ros/ament_uncrustify/uncrustify.txt" "--command" "/opt/ros/humble/bin/ament_uncrustify" "--xunit-file" "/home/submarine/gridmap_ws/build/grid_map_ros/test_results/grid_map_ros/uncrustify.xunit.xml"
Directory: /home/submarine/gridmap_ws/src/grid_map/grid_map_ros
"uncrustify" start time: May 03 16:55 MDT
Output:
----------------------------------------------------------
-- run_test.py: invoking following command in '/home/submarine/gridmap_ws/src/grid_map/grid_map_ros':
 - /opt/ros/humble/bin/ament_uncrustify --xunit-file /home/submarine/gridmap_ws/build/grid_map_ros/test_results/grid_map_ros/uncrustify.xunit.xml
No code style divergence in file 'include/grid_map_ros/GridMapMsgHelpers.hpp'

No code style divergence in file 'include/grid_map_ros/GridMapRosConverter.hpp'

No code style divergence in file 'include/grid_map_ros/PolygonRosConverter.hpp'

No code style divergence in file 'include/grid_map_ros/grid_map_ros.hpp'

No code style divergence in file 'include/grid_map_ros/message_traits.hpp'

No code style divergence in file 'src/GridMapMsgHelpers.cpp'

No code style divergence in file 'src/GridMapRosConverter.cpp'

No code style divergence in file 'src/PolygonRosConverter.cpp'

No code style divergence in file 'test/GridMapRosTest.cpp'

No code style divergence in file 'test/test_grid_map_ros.cpp'

No problems found
-- run_test.py: return code 0
-- run_test.py: verify result file '/home/submarine/gridmap_ws/build/grid_map_ros/test_results/grid_map_ros/uncrustify.xunit.xml'
<end of output>
Test time =   0.29 sec
----------------------------------------------------------
Test Passed.
"uncrustify" end time: May 03 16:55 MDT
"uncrustify" time elapsed: 00:00:00
----------------------------------------------------------

6/6 Testing: xmllint
6/6 Test: xmllint
Command: "/usr/bin/python3" "-u" "/opt/ros/humble/share/ament_cmake_test/cmake/run_test.py" "/home/submarine/gridmap_ws/build/grid_map_ros/test_results/grid_map_ros/xmllint.xunit.xml" "--package-name" "grid_map_ros" "--output-file" "/home/submarine/gridmap_ws/build/grid_map_ros/ament_xmllint/xmllint.txt" "--command" "/opt/ros/humble/bin/ament_xmllint" "--xunit-file" "/home/submarine/gridmap_ws/build/grid_map_ros/test_results/grid_map_ros/xmllint.xunit.xml"
Directory: /home/submarine/gridmap_ws/src/grid_map/grid_map_ros
"xmllint" start time: May 03 16:55 MDT
Output:
----------------------------------------------------------
-- run_test.py: invoking following command in '/home/submarine/gridmap_ws/src/grid_map/grid_map_ros':
 - /opt/ros/humble/bin/ament_xmllint --xunit-file /home/submarine/gridmap_ws/build/grid_map_ros/test_results/grid_map_ros/xmllint.xunit.xml
File 'package.xml' is valid

No problems found
-- run_test.py: return code 0
-- run_test.py: verify result file '/home/submarine/gridmap_ws/build/grid_map_ros/test_results/grid_map_ros/xmllint.xunit.xml'
<end of output>
Test time =   0.21 sec
----------------------------------------------------------
Test Passed.
"xmllint" end time: May 03 16:55 MDT
"xmllint" time elapsed: 00:00:00
----------------------------------------------------------

End testing: May 03 16:55 MDT

cppcheck =   0.21 sec*proc

cpplint =   0.76 sec*proc

gtest =   0.26 sec*proc

lint_cmake =   0.18 sec*proc

linter =   1.66 sec*proc

uncrustify =   0.29 sec*proc

xmllint =   0.21 sec*proc

